[2020-10-27 14:33:52] local.ERROR: Allowed memory size of 134217728 bytes exhausted (tried to allocate 60821504 bytes) {"exception":"[object] (Symfony\\Component\\Debug\\Exception\\FatalErrorException(code: 1): Allowed memory size of 134217728 bytes exhausted (tried to allocate 60821504 bytes) at C:\\Users\\BADR\\Desktop\\FullCalendar-4.x-Laravel-6.x\\app\\Http\\Controllers\\ClassController.php:66)
[stacktrace]
#0 {main}
"} 
[2020-10-27 14:34:17] local.ERROR: SQLSTATE[42000]: Syntax error or access violation: 1064 Erreur de syntaxe près de '.`name ,professeurs`.`prenom FROM ``ligne_class_profs`` join professeurs on prof' à la ligne 1 (SQL: select `SELECT filieres`.`nomFiliere,classes`.`nom_class, professeurs`.`name ,professeurs`.`prenom FROM ``ligne_class_profs`` join professeurs on professeurs`.`id=ligne_class_profs`.`Prof join classes on classes`.`id=ligne_class_profs`.`Class join filieres on filieres`.`id=classes`.`filiere` from `ligne_class_profs`) {"exception":"[object] (Illuminate\\Database\\QueryException(code: 42000): SQLSTATE[42000]: Syntax error or access violation: 1064 Erreur de syntaxe près de '.`name ,professeurs`.`prenom FROM ``ligne_class_profs`` join professeurs on prof' à la ligne 1 (SQL: select `SELECT filieres`.`nomFiliere,classes`.`nom_class, professeurs`.`name ,professeurs`.`prenom FROM ``ligne_class_profs`` join professeurs on professeurs`.`id=ligne_class_profs`.`Prof join classes on classes`.`id=ligne_class_profs`.`Class join filieres on filieres`.`id=classes`.`filiere` from `ligne_class_profs`) at C:\\Users\\BADR\\Desktop\\FullCalendar-4.x-Laravel-6.x\\vendor\\laravel\\framework\\src\\Illuminate\\Database\\Connection.php:665)
[stacktrace]
#0 C:\\Users\\BADR\\Desktop\\FullCalendar-4.x-Laravel-6.x\\vendor\\laravel\\framework\\src\\Illuminate\\Database\\Connection.php(625): Illuminate\\Database\\Connection->runQueryCallback('select `SELECT ...', Array, Object(Closure))
#1 C:\\Users\\BADR\\Desktop\\FullCalendar-4.x-Laravel-6.x\\vendor\\laravel\\framework\\src\\Illuminate\\Database\\Connection.php(334): Illuminate\\Database\\Connection->run('select `SELECT ...', Array, Object(Closure))
#2 C:\\Users\\BADR\\Desktop\\FullCalendar-4.x-Laravel-6.x\\vendor\\laravel\\framework\\src\\Illuminate\\Database\\Query\\Builder.php(2130): Illuminate\\Database\\Connection->select('select `SELECT ...', Array, true)
#3 C:\\Users\\BADR\\Desktop\\FullCalendar-4.x-Laravel-6.x\\vendor\\laravel\\framework\\src\\Illuminate\\Database\\Query\\Builder.php(2118): Illuminate\\Database\\Query\\Builder->runSelect()
#4 C:\\Users\\BADR\\Desktop\\FullCalendar-4.x-Laravel-6.x\\vendor\\laravel\\framework\\src\\Illuminate\\Database\\Query\\Builder.php(2562): Illuminate\\Database\\Query\\Builder->Illuminate\\Database\\Query\\{closure}()
#5 C:\\Users\\BADR\\Desktop\\FullCalendar-4.x-Laravel-6.x\\vendor\\laravel\\framework\\src\\Illuminate\\Database\\Query\\Builder.php(2119): Illuminate\\Database\\Query\\Builder->onceWithColumns(Array, Object(Closure))
#6 C:\\Users\\BADR\\Desktop\\FullCalendar-4.x-Laravel-6.x\\vendor\\laravel\\framework\\src\\Illuminate\\Database\\Eloquent\\Builder.php(521): Illuminate\\Database\\Query\\Builder->get(Array)
#7 C:\\Users\\BADR\\Desktop\\FullCalendar-4.x-Laravel-6.x\\vendor\\laravel\\framework\\src\\Illuminate\\Database\\Eloquent\\Builder.php(505): Illuminate\\Database\\Eloquent\\Builder->getModels(Array)
#8 C:\\Users\\BADR\\Desktop\\FullCalendar-4.x-Laravel-6.x\\app\\Http\\Controllers\\ClassController.php(65): Illuminate\\Database\\Eloquent\\Builder->get()
#9 [internal function]: App\\Http\\Controllers\\ClassController->listClassProf(Object(Illuminate\\Http\\Request))
#10 C:\\Users\\BADR\\Desktop\\FullCalendar-4.x-Laravel-6.x\\vendor\\laravel\\framework\\src\\Illuminate\\Routing\\Controller.php(54): call_user_func_array(Array, Array)
#11 C:\\Users\\BADR\\Desktop\\FullCalendar-4.x-Laravel-6.x\\vendor\\laravel\\framework\\src\\Illuminate\\Routing\\ControllerDispatcher.php(45): Illuminate\\Routing\\Controller->callAction('listClassProf', Array)
#12 C:\\Users\\BADR\\Desktop\\FullCalendar-4.x-Laravel-6.x\\vendor\\laravel\\framework\\src\\Illuminate\\Routing\\Route.php(219): Illuminate\\Routing\\ControllerDispatcher->dispatch(Object(Illuminate\\Routing\\Route), Object(App\\Http\\Controllers\\ClassController), 'listClassProf')
#13 C:\\Users\\BADR\\Desktop\\FullCalendar-4.x-Laravel-6.x\\vendor\\laravel\\framework\\src\\Illuminate\\Routing\\Route.php(176): Illuminate\\Routing\\Route->runController()
#14 C:\\Users\\BADR\\Desktop\\FullCalendar-4.x-Laravel-6.x\\vendor\\laravel\\framework\\src\\Illuminate\\Routing\\Router.php(680): Illuminate\\Routing\\Route->run()
#15 C:\\Users\\BADR\\Desktop\\FullCalendar-4.x-Laravel-6.x\\vendor\\laravel\\framework\\src\\Illuminate\\Pipeline\\Pipeline.php(130): Illuminate\\Routing\\Router->Illuminate\\Routing\\{closure}(Object(Illuminate\\Http\\Request))
#16 C:\\Users\\BADR\\Desktop\\FullCalendar-4.x-Laravel-6.x\\vendor\\laravel\\framework\\src\\Illuminate\\Routing\\Middleware\\SubstituteBindings.php(41): Illuminate\\Pipeline\\Pipeline->Illuminate\\Pipeline\\{closure}(Object(Illuminate\\Http\\Request))
#17 C:\\Users\\BADR\\Desktop\\FullCalendar-4.x-Laravel-6.x\\vendor\\laravel\\framework\\src\\Illuminate\\Pipeline\\Pipeline.php(171): Illuminate\\Routing\\Middleware\\SubstituteBindings->handle(Object(Illuminate\\Http\\Request), Object(Closure))
#18 C:\\Users\\BADR\\Desktop\\FullCalendar-4.x-Laravel-6.x\\vendor\\laravel\\framework\\src\\Illuminate\\Foundation\\Http\\Middleware\\VerifyCsrfToken.php(76): Illuminate\\Pipeline\\Pipeline->Illuminate\\Pipeline\\{closure}(Object(Illuminate\\Http\\Request))
#19 C:\\Users\\BADR\\Desktop\\FullCalendar-4.x-Laravel-6.x\\vendor\\laravel\\framework\\src\\Illuminate\\Pipeline\\Pipeline.php(171): Illuminate\\Foundation\\Http\\Middleware\\VerifyCsrfToken->handle(Object(Illuminate\\Http\\Request), Object(Closure))
#20 C:\\Users\\BADR\\Desktop\\FullCalendar-4.x-Laravel-6.x\\vendor\\laravel\\framework\\src\\Illuminate\\View\\Middleware\\ShareErrorsFromSession.php(49): Illuminate\\Pipeline\\Pipeline->Illuminate\\Pipeline\\{closure}(Object(Illuminate\\Http\\Request))
#21 C:\\Users\\BADR\\Desktop\\FullCalendar-4.x-Laravel-6.x\\vendor\\laravel\\framework\\src\\Illuminate\\Pipeline\\Pipeline.php(171): Illuminate\\View\\Middleware\\ShareErrorsFromSession->handle(Object(Illuminate\\Http\\Request), Object(Closure))
#22 C:\\Users\\BADR\\Desktop\\FullCalendar-4.x-Laravel-6.x\\vendor\\laravel\\framework\\src\\Illuminate\\Session\\Middleware\\StartSession.php(56): Illuminate\\Pipeline\\Pipeline->Illuminate\\Pipeline\\{closure}(Object(Illuminate\\Http\\Request))
#23 C:\\Users\\BADR\\Desktop\\FullCalendar-4.x-Laravel-6.x\\vendor\\laravel\\framework\\src\\Illuminate\\Pipeline\\Pipeline.php(171): Illuminate\\Session\\Middleware\\StartSession->handle(Object(Illuminate\\Http\\Request), Object(Closure))
#24 C:\\Users\\BADR\\Desktop\\FullCalendar-4.x-Laravel-6.x\\vendor\\laravel\\framework\\src\\Illuminate\\Cookie\\Middleware\\AddQueuedCookiesToResponse.php(37): Illuminate\\Pipeline\\Pipeline->Illuminate\\Pipeline\\{closure}(Object(Illuminate\\Http\\Request))
#25 C:\\Users\\BADR\\Desktop\\FullCalendar-4.x-Laravel-6.x\\vendor\\laravel\\framework\\src\\Illuminate\\Pipeline\\Pipeline.php(171): Illuminate\\Cookie\\Middleware\\AddQueuedCookiesToResponse->handle(Object(Illuminate\\Http\\Request), Object(Closure))
#26 C:\\Users\\BADR\\Desktop\\FullCalendar-4.x-Laravel-6.x\\vendor\\laravel\\framework\\src\\Illuminate\\Cookie\\Middleware\\EncryptCookies.php(66): Illuminate\\Pipeline\\Pipeline->Illuminate\\Pipeline\\{closure}(Object(Illuminate\\Http\\Request))
#27 C:\\Users\\BADR\\Desktop\\FullCalendar-4.x-Laravel-6.x\\vendor\\laravel\\framework\\src\\Illuminate\\Pipeline\\Pipeline.php(171): Illuminate\\Cookie\\Middleware\\EncryptCookies->handle(Object(Illuminate\\Http\\Request), Object(Closure))
#28 C:\\Users\\BADR\\Desktop\\FullCalendar-4.x-Laravel-6.x\\vendor\\laravel\\framework\\src\\Illuminate\\Pipeline\\Pipeline.php(105): Illuminate\\Pipeline\\Pipeline->Illuminate\\Pipeline\\{closure}(Object(Illuminate\\Http\\Request))
#29 C:\\Users\\BADR\\Desktop\\FullCalendar-4.x-Laravel-6.x\\vendor\\laravel\\framework\\src\\Illuminate\\Routing\\Router.php(682): Illuminate\\Pipeline\\Pipeline->then(Object(Closure))
#30 C:\\Users\\BADR\\Desktop\\FullCalendar-4.x-Laravel-6.x\\vendor\\laravel\\framework\\src\\Illuminate\\Routing\\Router.php(657): Illuminate\\Routing\\Router->runRouteWithinStack(Object(Illuminate\\Routing\\Route), Object(Illuminate\\Http\\Request))
#31 C:\\Users\\BADR\\Desktop\\FullCalendar-4.x-Laravel-6.x\\vendor\\laravel\\framework\\src\\Illuminate\\Routing\\Router.php(623): Illuminate\\Routing\\Router->runRoute(Object(Illuminate\\Http\\Request), Object(Illuminate\\Routing\\Route))
#32 C:\\Users\\BADR\\Desktop\\FullCalendar-4.x-Laravel-6.x\\vendor\\laravel\\framework\\src\\Illuminate\\Routing\\Router.php(612): Illuminate\\Routing\\Router->dispatchToRoute(Object(Illuminate\\Http\\Request))
#33 C:\\Users\\BADR\\Desktop\\FullCalendar-4.x-Laravel-6.x\\vendor\\laravel\\framework\\src\\Illuminate\\Foundation\\Http\\Kernel.php(176): Illuminate\\Routing\\Router->dispatch(Object(Illuminate\\Http\\Request))
#34 C:\\Users\\BADR\\Desktop\\FullCalendar-4.x-Laravel-6.x\\vendor\\laravel\\framework\\src\\Illuminate\\Pipeline\\Pipeline.php(130): Illuminate\\Foundation\\Http\\Kernel->Illuminate\\Foundation\\Http\\{closure}(Object(Illuminate\\Http\\Request))
#35 C:\\Users\\BADR\\Desktop\\FullCalendar-4.x-Laravel-6.x\\vendor\\laravel\\framework\\src\\Illuminate\\Foundation\\Http\\Middleware\\TransformsRequest.php(21): Illuminate\\Pipeline\\Pipeline->Illuminate\\Pipeline\\{closure}(Object(Illuminate\\Http\\Request))
#36 C:\\Users\\BADR\\Desktop\\FullCalendar-4.x-Laravel-6.x\\vendor\\laravel\\framework\\src\\Illuminate\\Pipeline\\Pipeline.php(171): Illuminate\\Foundation\\Http\\Middleware\\TransformsRequest->handle(Object(Illuminate\\Http\\Request), Object(Closure))
#37 C:\\Users\\BADR\\Desktop\\FullCalendar-4.x-Laravel-6.x\\vendor\\laravel\\framework\\src\\Illuminate\\Foundation\\Http\\Middleware\\TransformsRequest.php(21): Illuminate\\Pipeline\\Pipeline->Illuminate\\Pipeline\\{closure}(Object(Illuminate\\Http\\Request))
#38 C:\\Users\\BADR\\Desktop\\FullCalendar-4.x-Laravel-6.x\\vendor\\laravel\\framework\\src\\Illuminate\\Pipeline\\Pipeline.php(171): Illuminate\\Foundation\\Http\\Middleware\\TransformsRequest->handle(Object(Illuminate\\Http\\Request), Object(Closure))
#39 C:\\Users\\BADR\\Desktop\\FullCalendar-4.x-Laravel-6.x\\vendor\\laravel\\framework\\src\\Illuminate\\Foundation\\Http\\Middleware\\ValidatePostSize.php(27): Illuminate\\Pipeline\\Pipeline->Illuminate\\Pipeline\\{closure}(Object(Illuminate\\Http\\Request))
#40 C:\\Users\\BADR\\Desktop\\FullCalendar-4.x-Laravel-6.x\\vendor\\laravel\\framework\\src\\Illuminate\\Pipeline\\Pipeline.php(171): Illuminate\\Foundation\\Http\\Middleware\\ValidatePostSize->handle(Object(Illuminate\\Http\\Request), Object(Closure))
#41 C:\\Users\\BADR\\Desktop\\FullCalendar-4.x-Laravel-6.x\\vendor\\laravel\\framework\\src\\Illuminate\\Foundation\\Http\\Middleware\\CheckForMaintenanceMode.php(62): Illuminate\\Pipeline\\Pipeline->Illuminate\\Pipeline\\{closure}(Object(Illuminate\\Http\\Request))
#42 C:\\Users\\BADR\\Desktop\\FullCalendar-4.x-Laravel-6.x\\vendor\\laravel\\framework\\src\\Illuminate\\Pipeline\\Pipeline.php(171): Illuminate\\Foundation\\Http\\Middleware\\CheckForMaintenanceMode->handle(Object(Illuminate\\Http\\Request), Object(Closure))
#43 C:\\Users\\BADR\\Desktop\\FullCalendar-4.x-Laravel-6.x\\vendor\\fideloper\\proxy\\src\\TrustProxies.php(57): Illuminate\\Pipeline\\Pipeline->Illuminate\\Pipeline\\{closure}(Object(Illuminate\\Http\\Request))
#44 C:\\Users\\BADR\\Desktop\\FullCalendar-4.x-Laravel-6.x\\vendor\\laravel\\framework\\src\\Illuminate\\Pipeline\\Pipeline.php(171): Fideloper\\Proxy\\TrustProxies->handle(Object(Illuminate\\Http\\Request), Object(Closure))
#45 C:\\Users\\BADR\\Desktop\\FullCalendar-4.x-Laravel-6.x\\vendor\\laravel\\framework\\src\\Illuminate\\Pipeline\\Pipeline.php(105): Illuminate\\Pipeline\\Pipeline->Illuminate\\Pipeline\\{closure}(Object(Illuminate\\Http\\Request))
#46 C:\\Users\\BADR\\Desktop\\FullCalendar-4.x-Laravel-6.x\\vendor\\laravel\\framework\\src\\Illuminate\\Foundation\\Http\\Kernel.php(151): Illuminate\\Pipeline\\Pipeline->then(Object(Closure))
#47 C:\\Users\\BADR\\Desktop\\FullCalendar-4.x-Laravel-6.x\\vendor\\laravel\\framework\\src\\Illuminate\\Foundation\\Http\\Kernel.php(116): Illuminate\\Foundation\\Http\\Kernel->sendRequestThroughRouter(Object(Illuminate\\Http\\Request))
#48 C:\\Users\\BADR\\Desktop\\FullCalendar-4.x-Laravel-6.x\\public\\index.php(55): Illuminate\\Foundation\\Http\\Kernel->handle(Object(Illuminate\\Http\\Request))
#49 C:\\Users\\BADR\\Desktop\\FullCalendar-4.x-Laravel-6.x\\server.php(21): require_once('C:\\\\Users\\\\BADR\\\\D...')
#50 {main}

[previous exception] [object] (PDOException(code: 42000): SQLSTATE[42000]: Syntax error or access violation: 1064 Erreur de syntaxe près de '.`name ,professeurs`.`prenom FROM ``ligne_class_profs`` join professeurs on prof' à la ligne 1 at C:\\Users\\BADR\\Desktop\\FullCalendar-4.x-Laravel-6.x\\vendor\\laravel\\framework\\src\\Illuminate\\Database\\Connection.php:327)
[stacktrace]
#0 C:\\Users\\BADR\\Desktop\\FullCalendar-4.x-Laravel-6.x\\vendor\\laravel\\framework\\src\\Illuminate\\Database\\Connection.php(327): PDO->prepare('select `SELECT ...')
#1 C:\\Users\\BADR\\Desktop\\FullCalendar-4.x-Laravel-6.x\\vendor\\laravel\\framework\\src\\Illuminate\\Database\\Connection.php(658): Illuminate\\Database\\Connection->Illuminate\\Database\\{closure}('select `SELECT ...', Array)
#2 C:\\Users\\BADR\\Desktop\\FullCalendar-4.x-Laravel-6.x\\vendor\\laravel\\framework\\src\\Illuminate\\Database\\Connection.php(625): Illuminate\\Database\\Connection->runQueryCallback('select `SELECT ...', Array, Object(Closure))
#3 C:\\Users\\BADR\\Desktop\\FullCalendar-4.x-Laravel-6.x\\vendor\\laravel\\framework\\src\\Illuminate\\Database\\Connection.php(334): Illuminate\\Database\\Connection->run('select `SELECT ...', Array, Object(Closure))
#4 C:\\Users\\BADR\\Desktop\\FullCalendar-4.x-Laravel-6.x\\vendor\\laravel\\framework\\src\\Illuminate\\Database\\Query\\Builder.php(2130): Illuminate\\Database\\Connection->select('select `SELECT ...', Array, true)
#5 C:\\Users\\BADR\\Desktop\\FullCalendar-4.x-Laravel-6.x\\vendor\\laravel\\framework\\src\\Illuminate\\Database\\Query\\Builder.php(2118): Illuminate\\Database\\Query\\Builder->runSelect()
#6 C:\\Users\\BADR\\Desktop\\FullCalendar-4.x-Laravel-6.x\\vendor\\laravel\\framework\\src\\Illuminate\\Database\\Query\\Builder.php(2562): Illuminate\\Database\\Query\\Builder->Illuminate\\Database\\Query\\{closure}()
#7 C:\\Users\\BADR\\Desktop\\FullCalendar-4.x-Laravel-6.x\\vendor\\laravel\\framework\\src\\Illuminate\\Database\\Query\\Builder.php(2119): Illuminate\\Database\\Query\\Builder->onceWithColumns(Array, Object(Closure))
#8 C:\\Users\\BADR\\Desktop\\FullCalendar-4.x-Laravel-6.x\\vendor\\laravel\\framework\\src\\Illuminate\\Database\\Eloquent\\Builder.php(521): Illuminate\\Database\\Query\\Builder->get(Array)
#9 C:\\Users\\BADR\\Desktop\\FullCalendar-4.x-Laravel-6.x\\vendor\\laravel\\framework\\src\\Illuminate\\Database\\Eloquent\\Builder.php(505): Illuminate\\Database\\Eloquent\\Builder->getModels(Array)
#10 C:\\Users\\BADR\\Desktop\\FullCalendar-4.x-Laravel-6.x\\app\\Http\\Controllers\\ClassController.php(65): Illuminate\\Database\\Eloquent\\Builder->get()
#11 [internal function]: App\\Http\\Controllers\\ClassController->listClassProf(Object(Illuminate\\Http\\Request))
#12 C:\\Users\\BADR\\Desktop\\FullCalendar-4.x-Laravel-6.x\\vendor\\laravel\\framework\\src\\Illuminate\\Routing\\Controller.php(54): call_user_func_array(Array, Array)
#13 C:\\Users\\BADR\\Desktop\\FullCalendar-4.x-Laravel-6.x\\vendor\\laravel\\framework\\src\\Illuminate\\Routing\\ControllerDispatcher.php(45): Illuminate\\Routing\\Controller->callAction('listClassProf', Array)
#14 C:\\Users\\BADR\\Desktop\\FullCalendar-4.x-Laravel-6.x\\vendor\\laravel\\framework\\src\\Illuminate\\Routing\\Route.php(219): Illuminate\\Routing\\ControllerDispatcher->dispatch(Object(Illuminate\\Routing\\Route), Object(App\\Http\\Controllers\\ClassController), 'listClassProf')
#15 C:\\Users\\BADR\\Desktop\\FullCalendar-4.x-Laravel-6.x\\vendor\\laravel\\framework\\src\\Illuminate\\Routing\\Route.php(176): Illuminate\\Routing\\Route->runController()
#16 C:\\Users\\BADR\\Desktop\\FullCalendar-4.x-Laravel-6.x\\vendor\\laravel\\framework\\src\\Illuminate\\Routing\\Router.php(680): Illuminate\\Routing\\Route->run()
#17 C:\\Users\\BADR\\Desktop\\FullCalendar-4.x-Laravel-6.x\\vendor\\laravel\\framework\\src\\Illuminate\\Pipeline\\Pipeline.php(130): Illuminate\\Routing\\Router->Illuminate\\Routing\\{closure}(Object(Illuminate\\Http\\Request))
#18 C:\\Users\\BADR\\Desktop\\FullCalendar-4.x-Laravel-6.x\\vendor\\laravel\\framework\\src\\Illuminate\\Routing\\Middleware\\SubstituteBindings.php(41): Illuminate\\Pipeline\\Pipeline->Illuminate\\Pipeline\\{closure}(Object(Illuminate\\Http\\Request))
#19 C:\\Users\\BADR\\Desktop\\FullCalendar-4.x-Laravel-6.x\\vendor\\laravel\\framework\\src\\Illuminate\\Pipeline\\Pipeline.php(171): Illuminate\\Routing\\Middleware\\SubstituteBindings->handle(Object(Illuminate\\Http\\Request), Object(Closure))
#20 C:\\Users\\BADR\\Desktop\\FullCalendar-4.x-Laravel-6.x\\vendor\\laravel\\framework\\src\\Illuminate\\Foundation\\Http\\Middleware\\VerifyCsrfToken.php(76): Illuminate\\Pipeline\\Pipeline->Illuminate\\Pipeline\\{closure}(Object(Illuminate\\Http\\Request))
#21 C:\\Users\\BADR\\Desktop\\FullCalendar-4.x-Laravel-6.x\\vendor\\laravel\\framework\\src\\Illuminate\\Pipeline\\Pipeline.php(171): Illuminate\\Foundation\\Http\\Middleware\\VerifyCsrfToken->handle(Object(Illuminate\\Http\\Request), Object(Closure))
#22 C:\\Users\\BADR\\Desktop\\FullCalendar-4.x-Laravel-6.x\\vendor\\laravel\\framework\\src\\Illuminate\\View\\Middleware\\ShareErrorsFromSession.php(49): Illuminate\\Pipeline\\Pipeline->Illuminate\\Pipeline\\{closure}(Object(Illuminate\\Http\\Request))
#23 C:\\Users\\BADR\\Desktop\\FullCalendar-4.x-Laravel-6.x\\vendor\\laravel\\framework\\src\\Illuminate\\Pipeline\\Pipeline.php(171): Illuminate\\View\\Middleware\\ShareErrorsFromSession->handle(Object(Illuminate\\Http\\Request), Object(Closure))
#24 C:\\Users\\BADR\\Desktop\\FullCalendar-4.x-Laravel-6.x\\vendor\\laravel\\framework\\src\\Illuminate\\Session\\Middleware\\StartSession.php(56): Illuminate\\Pipeline\\Pipeline->Illuminate\\Pipeline\\{closure}(Object(Illuminate\\Http\\Request))
#25 C:\\Users\\BADR\\Desktop\\FullCalendar-4.x-Laravel-6.x\\vendor\\laravel\\framework\\src\\Illuminate\\Pipeline\\Pipeline.php(171): Illuminate\\Session\\Middleware\\StartSession->handle(Object(Illuminate\\Http\\Request), Object(Closure))
#26 C:\\Users\\BADR\\Desktop\\FullCalendar-4.x-Laravel-6.x\\vendor\\laravel\\framework\\src\\Illuminate\\Cookie\\Middleware\\AddQueuedCookiesToResponse.php(37): Illuminate\\Pipeline\\Pipeline->Illuminate\\Pipeline\\{closure}(Object(Illuminate\\Http\\Request))
#27 C:\\Users\\BADR\\Desktop\\FullCalendar-4.x-Laravel-6.x\\vendor\\laravel\\framework\\src\\Illuminate\\Pipeline\\Pipeline.php(171): Illuminate\\Cookie\\Middleware\\AddQueuedCookiesToResponse->handle(Object(Illuminate\\Http\\Request), Object(Closure))
#28 C:\\Users\\BADR\\Desktop\\FullCalendar-4.x-Laravel-6.x\\vendor\\laravel\\framework\\src\\Illuminate\\Cookie\\Middleware\\EncryptCookies.php(66): Illuminate\\Pipeline\\Pipeline->Illuminate\\Pipeline\\{closure}(Object(Illuminate\\Http\\Request))
#29 C:\\Users\\BADR\\Desktop\\FullCalendar-4.x-Laravel-6.x\\vendor\\laravel\\framework\\src\\Illuminate\\Pipeline\\Pipeline.php(171): Illuminate\\Cookie\\Middleware\\EncryptCookies->handle(Object(Illuminate\\Http\\Request), Object(Closure))
#30 C:\\Users\\BADR\\Desktop\\FullCalendar-4.x-Laravel-6.x\\vendor\\laravel\\framework\\src\\Illuminate\\Pipeline\\Pipeline.php(105): Illuminate\\Pipeline\\Pipeline->Illuminate\\Pipeline\\{closure}(Object(Illuminate\\Http\\Request))
#31 C:\\Users\\BADR\\Desktop\\FullCalendar-4.x-Laravel-6.x\\vendor\\laravel\\framework\\src\\Illuminate\\Routing\\Router.php(682): Illuminate\\Pipeline\\Pipeline->then(Object(Closure))
#32 C:\\Users\\BADR\\Desktop\\FullCalendar-4.x-Laravel-6.x\\vendor\\laravel\\framework\\src\\Illuminate\\Routing\\Router.php(657): Illuminate\\Routing\\Router->runRouteWithinStack(Object(Illuminate\\Routing\\Route), Object(Illuminate\\Http\\Request))
#33 C:\\Users\\BADR\\Desktop\\FullCalendar-4.x-Laravel-6.x\\vendor\\laravel\\framework\\src\\Illuminate\\Routing\\Router.php(623): Illuminate\\Routing\\Router->runRoute(Object(Illuminate\\Http\\Request), Object(Illuminate\\Routing\\Route))
#34 C:\\Users\\BADR\\Desktop\\FullCalendar-4.x-Laravel-6.x\\vendor\\laravel\\framework\\src\\Illuminate\\Routing\\Router.php(612): Illuminate\\Routing\\Router->dispatchToRoute(Object(Illuminate\\Http\\Request))
#35 C:\\Users\\BADR\\Desktop\\FullCalendar-4.x-Laravel-6.x\\vendor\\laravel\\framework\\src\\Illuminate\\Foundation\\Http\\Kernel.php(176): Illuminate\\Routing\\Router->dispatch(Object(Illuminate\\Http\\Request))
#36 C:\\Users\\BADR\\Desktop\\FullCalendar-4.x-Laravel-6.x\\vendor\\laravel\\framework\\src\\Illuminate\\Pipeline\\Pipeline.php(130): Illuminate\\Foundation\\Http\\Kernel->Illuminate\\Foundation\\Http\\{closure}(Object(Illuminate\\Http\\Request))
#37 C:\\Users\\BADR\\Desktop\\FullCalendar-4.x-Laravel-6.x\\vendor\\laravel\\framework\\src\\Illuminate\\Foundation\\Http\\Middleware\\TransformsRequest.php(21): Illuminate\\Pipeline\\Pipeline->Illuminate\\Pipeline\\{closure}(Object(Illuminate\\Http\\Request))
#38 C:\\Users\\BADR\\Desktop\\FullCalendar-4.x-Laravel-6.x\\vendor\\laravel\\framework\\src\\Illuminate\\Pipeline\\Pipeline.php(171): Illuminate\\Foundation\\Http\\Middleware\\TransformsRequest->handle(Object(Illuminate\\Http\\Request), Object(Closure))
#39 C:\\Users\\BADR\\Desktop\\FullCalendar-4.x-Laravel-6.x\\vendor\\laravel\\framework\\src\\Illuminate\\Foundation\\Http\\Middleware\\TransformsRequest.php(21): Illuminate\\Pipeline\\Pipeline->Illuminate\\Pipeline\\{closure}(Object(Illuminate\\Http\\Request))
#40 C:\\Users\\BADR\\Desktop\\FullCalendar-4.x-Laravel-6.x\\vendor\\laravel\\framework\\src\\Illuminate\\Pipeline\\Pipeline.php(171): Illuminate\\Foundation\\Http\\Middleware\\TransformsRequest->handle(Object(Illuminate\\Http\\Request), Object(Closure))
#41 C:\\Users\\BADR\\Desktop\\FullCalendar-4.x-Laravel-6.x\\vendor\\laravel\\framework\\src\\Illuminate\\Foundation\\Http\\Middleware\\ValidatePostSize.php(27): Illuminate\\Pipeline\\Pipeline->Illuminate\\Pipeline\\{closure}(Object(Illuminate\\Http\\Request))
#42 C:\\Users\\BADR\\Desktop\\FullCalendar-4.x-Laravel-6.x\\vendor\\laravel\\framework\\src\\Illuminate\\Pipeline\\Pipeline.php(171): Illuminate\\Foundation\\Http\\Middleware\\ValidatePostSize->handle(Object(Illuminate\\Http\\Request), Object(Closure))
#43 C:\\Users\\BADR\\Desktop\\FullCalendar-4.x-Laravel-6.x\\vendor\\laravel\\framework\\src\\Illuminate\\Foundation\\Http\\Middleware\\CheckForMaintenanceMode.php(62): Illuminate\\Pipeline\\Pipeline->Illuminate\\Pipeline\\{closure}(Object(Illuminate\\Http\\Request))
#44 C:\\Users\\BADR\\Desktop\\FullCalendar-4.x-Laravel-6.x\\vendor\\laravel\\framework\\src\\Illuminate\\Pipeline\\Pipeline.php(171): Illuminate\\Foundation\\Http\\Middleware\\CheckForMaintenanceMode->handle(Object(Illuminate\\Http\\Request), Object(Closure))
#45 C:\\Users\\BADR\\Desktop\\FullCalendar-4.x-Laravel-6.x\\vendor\\fideloper\\proxy\\src\\TrustProxies.php(57): Illuminate\\Pipeline\\Pipeline->Illuminate\\Pipeline\\{closure}(Object(Illuminate\\Http\\Request))
#46 C:\\Users\\BADR\\Desktop\\FullCalendar-4.x-Laravel-6.x\\vendor\\laravel\\framework\\src\\Illuminate\\Pipeline\\Pipeline.php(171): Fideloper\\Proxy\\TrustProxies->handle(Object(Illuminate\\Http\\Request), Object(Closure))
#47 C:\\Users\\BADR\\Desktop\\FullCalendar-4.x-Laravel-6.x\\vendor\\laravel\\framework\\src\\Illuminate\\Pipeline\\Pipeline.php(105): Illuminate\\Pipeline\\Pipeline->Illuminate\\Pipeline\\{closure}(Object(Illuminate\\Http\\Request))
#48 C:\\Users\\BADR\\Desktop\\FullCalendar-4.x-Laravel-6.x\\vendor\\laravel\\framework\\src\\Illuminate\\Foundation\\Http\\Kernel.php(151): Illuminate\\Pipeline\\Pipeline->then(Object(Closure))
#49 C:\\Users\\BADR\\Desktop\\FullCalendar-4.x-Laravel-6.x\\vendor\\laravel\\framework\\src\\Illuminate\\Foundation\\Http\\Kernel.php(116): Illuminate\\Foundation\\Http\\Kernel->sendRequestThroughRouter(Object(Illuminate\\Http\\Request))
#50 C:\\Users\\BADR\\Desktop\\FullCalendar-4.x-Laravel-6.x\\public\\index.php(55): Illuminate\\Foundation\\Http\\Kernel->handle(Object(Illuminate\\Http\\Request))
#51 C:\\Users\\BADR\\Desktop\\FullCalendar-4.x-Laravel-6.x\\server.php(21): require_once('C:\\\\Users\\\\BADR\\\\D...')
#52 {main}
"} 
[2020-10-27 14:37:25] local.ERROR: SQLSTATE[42000]: Syntax error or access violation: 1064 Erreur de syntaxe près de '.`name ,professeurs`.`prenom FROM ``ligne_class_profs`` join professeurs on prof' à la ligne 1 (SQL: select `SELECT filieres`.`nomFiliere,classes`.`nom_class, professeurs`.`name ,professeurs`.`prenom FROM ``ligne_class_profs`` join professeurs on professeurs`.`id=ligne_class_profs`.`Prof join classes on classes`.`id=ligne_class_profs`.`Class join filieres on filieres`.`id=classes`.`filiere` from `ligne_class_profs`) {"exception":"[object] (Illuminate\\Database\\QueryException(code: 42000): SQLSTATE[42000]: Syntax error or access violation: 1064 Erreur de syntaxe près de '.`name ,professeurs`.`prenom FROM ``ligne_class_profs`` join professeurs on prof' à la ligne 1 (SQL: select `SELECT filieres`.`nomFiliere,classes`.`nom_class, professeurs`.`name ,professeurs`.`prenom FROM ``ligne_class_profs`` join professeurs on professeurs`.`id=ligne_class_profs`.`Prof join classes on classes`.`id=ligne_class_profs`.`Class join filieres on filieres`.`id=classes`.`filiere` from `ligne_class_profs`) at C:\\Users\\BADR\\Desktop\\FullCalendar-4.x-Laravel-6.x\\vendor\\laravel\\framework\\src\\Illuminate\\Database\\Connection.php:665)
[stacktrace]
#0 C:\\Users\\BADR\\Desktop\\FullCalendar-4.x-Laravel-6.x\\vendor\\laravel\\framework\\src\\Illuminate\\Database\\Connection.php(625): Illuminate\\Database\\Connection->runQueryCallback('select `SELECT ...', Array, Object(Closure))
#1 C:\\Users\\BADR\\Desktop\\FullCalendar-4.x-Laravel-6.x\\vendor\\laravel\\framework\\src\\Illuminate\\Database\\Connection.php(334): Illuminate\\Database\\Connection->run('select `SELECT ...', Array, Object(Closure))
#2 C:\\Users\\BADR\\Desktop\\FullCalendar-4.x-Laravel-6.x\\vendor\\laravel\\framework\\src\\Illuminate\\Database\\Query\\Builder.php(2130): Illuminate\\Database\\Connection->select('select `SELECT ...', Array, true)
#3 C:\\Users\\BADR\\Desktop\\FullCalendar-4.x-Laravel-6.x\\vendor\\laravel\\framework\\src\\Illuminate\\Database\\Query\\Builder.php(2118): Illuminate\\Database\\Query\\Builder->runSelect()
#4 C:\\Users\\BADR\\Desktop\\FullCalendar-4.x-Laravel-6.x\\vendor\\laravel\\framework\\src\\Illuminate\\Database\\Query\\Builder.php(2562): Illuminate\\Database\\Query\\Builder->Illuminate\\Database\\Query\\{closure}()
#5 C:\\Users\\BADR\\Desktop\\FullCalendar-4.x-Laravel-6.x\\vendor\\laravel\\framework\\src\\Illuminate\\Database\\Query\\Builder.php(2119): Illuminate\\Database\\Query\\Builder->onceWithColumns(Array, Object(Closure))
#6 C:\\Users\\BADR\\Desktop\\FullCalendar-4.x-Laravel-6.x\\vendor\\laravel\\framework\\src\\Illuminate\\Database\\Eloquent\\Builder.php(521): Illuminate\\Database\\Query\\Builder->get(Array)
#7 C:\\Users\\BADR\\Desktop\\FullCalendar-4.x-Laravel-6.x\\vendor\\laravel\\framework\\src\\Illuminate\\Database\\Eloquent\\Builder.php(505): Illuminate\\Database\\Eloquent\\Builder->getModels(Array)
#8 C:\\Users\\BADR\\Desktop\\FullCalendar-4.x-Laravel-6.x\\app\\Http\\Controllers\\ClassController.php(65): Illuminate\\Database\\Eloquent\\Builder->get()
#9 [internal function]: App\\Http\\Controllers\\ClassController->listClassProf(Object(Illuminate\\Http\\Request))
#10 C:\\Users\\BADR\\Desktop\\FullCalendar-4.x-Laravel-6.x\\vendor\\laravel\\framework\\src\\Illuminate\\Routing\\Controller.php(54): call_user_func_array(Array, Array)
#11 C:\\Users\\BADR\\Desktop\\FullCalendar-4.x-Laravel-6.x\\vendor\\laravel\\framework\\src\\Illuminate\\Routing\\ControllerDispatcher.php(45): Illuminate\\Routing\\Controller->callAction('listClassProf', Array)
#12 C:\\Users\\BADR\\Desktop\\FullCalendar-4.x-Laravel-6.x\\vendor\\laravel\\framework\\src\\Illuminate\\Routing\\Route.php(219): Illuminate\\Routing\\ControllerDispatcher->dispatch(Object(Illuminate\\Routing\\Route), Object(App\\Http\\Controllers\\ClassController), 'listClassProf')
#13 C:\\Users\\BADR\\Desktop\\FullCalendar-4.x-Laravel-6.x\\vendor\\laravel\\framework\\src\\Illuminate\\Routing\\Route.php(176): Illuminate\\Routing\\Route->runController()
#14 C:\\Users\\BADR\\Desktop\\FullCalendar-4.x-Laravel-6.x\\vendor\\laravel\\framework\\src\\Illuminate\\Routing\\Router.php(680): Illuminate\\Routing\\Route->run()
#15 C:\\Users\\BADR\\Desktop\\FullCalendar-4.x-Laravel-6.x\\vendor\\laravel\\framework\\src\\Illuminate\\Pipeline\\Pipeline.php(130): Illuminate\\Routing\\Router->Illuminate\\Routing\\{closure}(Object(Illuminate\\Http\\Request))
#16 C:\\Users\\BADR\\Desktop\\FullCalendar-4.x-Laravel-6.x\\vendor\\laravel\\framework\\src\\Illuminate\\Routing\\Middleware\\SubstituteBindings.php(41): Illuminate\\Pipeline\\Pipeline->Illuminate\\Pipeline\\{closure}(Object(Illuminate\\Http\\Request))
#17 C:\\Users\\BADR\\Desktop\\FullCalendar-4.x-Laravel-6.x\\vendor\\laravel\\framework\\src\\Illuminate\\Pipeline\\Pipeline.php(171): Illuminate\\Routing\\Middleware\\SubstituteBindings->handle(Object(Illuminate\\Http\\Request), Object(Closure))
#18 C:\\Users\\BADR\\Desktop\\FullCalendar-4.x-Laravel-6.x\\vendor\\laravel\\framework\\src\\Illuminate\\Foundation\\Http\\Middleware\\VerifyCsrfToken.php(76): Illuminate\\Pipeline\\Pipeline->Illuminate\\Pipeline\\{closure}(Object(Illuminate\\Http\\Request))
#19 C:\\Users\\BADR\\Desktop\\FullCalendar-4.x-Laravel-6.x\\vendor\\laravel\\framework\\src\\Illuminate\\Pipeline\\Pipeline.php(171): Illuminate\\Foundation\\Http\\Middleware\\VerifyCsrfToken->handle(Object(Illuminate\\Http\\Request), Object(Closure))
#20 C:\\Users\\BADR\\Desktop\\FullCalendar-4.x-Laravel-6.x\\vendor\\laravel\\framework\\src\\Illuminate\\View\\Middleware\\ShareErrorsFromSession.php(49): Illuminate\\Pipeline\\Pipeline->Illuminate\\Pipeline\\{closure}(Object(Illuminate\\Http\\Request))
#21 C:\\Users\\BADR\\Desktop\\FullCalendar-4.x-Laravel-6.x\\vendor\\laravel\\framework\\src\\Illuminate\\Pipeline\\Pipeline.php(171): Illuminate\\View\\Middleware\\ShareErrorsFromSession->handle(Object(Illuminate\\Http\\Request), Object(Closure))
#22 C:\\Users\\BADR\\Desktop\\FullCalendar-4.x-Laravel-6.x\\vendor\\laravel\\framework\\src\\Illuminate\\Session\\Middleware\\StartSession.php(56): Illuminate\\Pipeline\\Pipeline->Illuminate\\Pipeline\\{closure}(Object(Illuminate\\Http\\Request))
#23 C:\\Users\\BADR\\Desktop\\FullCalendar-4.x-Laravel-6.x\\vendor\\laravel\\framework\\src\\Illuminate\\Pipeline\\Pipeline.php(171): Illuminate\\Session\\Middleware\\StartSession->handle(Object(Illuminate\\Http\\Request), Object(Closure))
#24 C:\\Users\\BADR\\Desktop\\FullCalendar-4.x-Laravel-6.x\\vendor\\laravel\\framework\\src\\Illuminate\\Cookie\\Middleware\\AddQueuedCookiesToResponse.php(37): Illuminate\\Pipeline\\Pipeline->Illuminate\\Pipeline\\{closure}(Object(Illuminate\\Http\\Request))
#25 C:\\Users\\BADR\\Desktop\\FullCalendar-4.x-Laravel-6.x\\vendor\\laravel\\framework\\src\\Illuminate\\Pipeline\\Pipeline.php(171): Illuminate\\Cookie\\Middleware\\AddQueuedCookiesToResponse->handle(Object(Illuminate\\Http\\Request), Object(Closure))
#26 C:\\Users\\BADR\\Desktop\\FullCalendar-4.x-Laravel-6.x\\vendor\\laravel\\framework\\src\\Illuminate\\Cookie\\Middleware\\EncryptCookies.php(66): Illuminate\\Pipeline\\Pipeline->Illuminate\\Pipeline\\{closure}(Object(Illuminate\\Http\\Request))
#27 C:\\Users\\BADR\\Desktop\\FullCalendar-4.x-Laravel-6.x\\vendor\\laravel\\framework\\src\\Illuminate\\Pipeline\\Pipeline.php(171): Illuminate\\Cookie\\Middleware\\EncryptCookies->handle(Object(Illuminate\\Http\\Request), Object(Closure))
#28 C:\\Users\\BADR\\Desktop\\FullCalendar-4.x-Laravel-6.x\\vendor\\laravel\\framework\\src\\Illuminate\\Pipeline\\Pipeline.php(105): Illuminate\\Pipeline\\Pipeline->Illuminate\\Pipeline\\{closure}(Object(Illuminate\\Http\\Request))
#29 C:\\Users\\BADR\\Desktop\\FullCalendar-4.x-Laravel-6.x\\vendor\\laravel\\framework\\src\\Illuminate\\Routing\\Router.php(682): Illuminate\\Pipeline\\Pipeline->then(Object(Closure))
#30 C:\\Users\\BADR\\Desktop\\FullCalendar-4.x-Laravel-6.x\\vendor\\laravel\\framework\\src\\Illuminate\\Routing\\Router.php(657): Illuminate\\Routing\\Router->runRouteWithinStack(Object(Illuminate\\Routing\\Route), Object(Illuminate\\Http\\Request))
#31 C:\\Users\\BADR\\Desktop\\FullCalendar-4.x-Laravel-6.x\\vendor\\laravel\\framework\\src\\Illuminate\\Routing\\Router.php(623): Illuminate\\Routing\\Router->runRoute(Object(Illuminate\\Http\\Request), Object(Illuminate\\Routing\\Route))
#32 C:\\Users\\BADR\\Desktop\\FullCalendar-4.x-Laravel-6.x\\vendor\\laravel\\framework\\src\\Illuminate\\Routing\\Router.php(612): Illuminate\\Routing\\Router->dispatchToRoute(Object(Illuminate\\Http\\Request))
#33 C:\\Users\\BADR\\Desktop\\FullCalendar-4.x-Laravel-6.x\\vendor\\laravel\\framework\\src\\Illuminate\\Foundation\\Http\\Kernel.php(176): Illuminate\\Routing\\Router->dispatch(Object(Illuminate\\Http\\Request))
#34 C:\\Users\\BADR\\Desktop\\FullCalendar-4.x-Laravel-6.x\\vendor\\laravel\\framework\\src\\Illuminate\\Pipeline\\Pipeline.php(130): Illuminate\\Foundation\\Http\\Kernel->Illuminate\\Foundation\\Http\\{closure}(Object(Illuminate\\Http\\Request))
#35 C:\\Users\\BADR\\Desktop\\FullCalendar-4.x-Laravel-6.x\\vendor\\laravel\\framework\\src\\Illuminate\\Foundation\\Http\\Middleware\\TransformsRequest.php(21): Illuminate\\Pipeline\\Pipeline->Illuminate\\Pipeline\\{closure}(Object(Illuminate\\Http\\Request))
#36 C:\\Users\\BADR\\Desktop\\FullCalendar-4.x-Laravel-6.x\\vendor\\laravel\\framework\\src\\Illuminate\\Pipeline\\Pipeline.php(171): Illuminate\\Foundation\\Http\\Middleware\\TransformsRequest->handle(Object(Illuminate\\Http\\Request), Object(Closure))
#37 C:\\Users\\BADR\\Desktop\\FullCalendar-4.x-Laravel-6.x\\vendor\\laravel\\framework\\src\\Illuminate\\Foundation\\Http\\Middleware\\TransformsRequest.php(21): Illuminate\\Pipeline\\Pipeline->Illuminate\\Pipeline\\{closure}(Object(Illuminate\\Http\\Request))
#38 C:\\Users\\BADR\\Desktop\\FullCalendar-4.x-Laravel-6.x\\vendor\\laravel\\framework\\src\\Illuminate\\Pipeline\\Pipeline.php(171): Illuminate\\Foundation\\Http\\Middleware\\TransformsRequest->handle(Object(Illuminate\\Http\\Request), Object(Closure))
#39 C:\\Users\\BADR\\Desktop\\FullCalendar-4.x-Laravel-6.x\\vendor\\laravel\\framework\\src\\Illuminate\\Foundation\\Http\\Middleware\\ValidatePostSize.php(27): Illuminate\\Pipeline\\Pipeline->Illuminate\\Pipeline\\{closure}(Object(Illuminate\\Http\\Request))
#40 C:\\Users\\BADR\\Desktop\\FullCalendar-4.x-Laravel-6.x\\vendor\\laravel\\framework\\src\\Illuminate\\Pipeline\\Pipeline.php(171): Illuminate\\Foundation\\Http\\Middleware\\ValidatePostSize->handle(Object(Illuminate\\Http\\Request), Object(Closure))
#41 C:\\Users\\BADR\\Desktop\\FullCalendar-4.x-Laravel-6.x\\vendor\\laravel\\framework\\src\\Illuminate\\Foundation\\Http\\Middleware\\CheckForMaintenanceMode.php(62): Illuminate\\Pipeline\\Pipeline->Illuminate\\Pipeline\\{closure}(Object(Illuminate\\Http\\Request))
#42 C:\\Users\\BADR\\Desktop\\FullCalendar-4.x-Laravel-6.x\\vendor\\laravel\\framework\\src\\Illuminate\\Pipeline\\Pipeline.php(171): Illuminate\\Foundation\\Http\\Middleware\\CheckForMaintenanceMode->handle(Object(Illuminate\\Http\\Request), Object(Closure))
#43 C:\\Users\\BADR\\Desktop\\FullCalendar-4.x-Laravel-6.x\\vendor\\fideloper\\proxy\\src\\TrustProxies.php(57): Illuminate\\Pipeline\\Pipeline->Illuminate\\Pipeline\\{closure}(Object(Illuminate\\Http\\Request))
#44 C:\\Users\\BADR\\Desktop\\FullCalendar-4.x-Laravel-6.x\\vendor\\laravel\\framework\\src\\Illuminate\\Pipeline\\Pipeline.php(171): Fideloper\\Proxy\\TrustProxies->handle(Object(Illuminate\\Http\\Request), Object(Closure))
#45 C:\\Users\\BADR\\Desktop\\FullCalendar-4.x-Laravel-6.x\\vendor\\laravel\\framework\\src\\Illuminate\\Pipeline\\Pipeline.php(105): Illuminate\\Pipeline\\Pipeline->Illuminate\\Pipeline\\{closure}(Object(Illuminate\\Http\\Request))
#46 C:\\Users\\BADR\\Desktop\\FullCalendar-4.x-Laravel-6.x\\vendor\\laravel\\framework\\src\\Illuminate\\Foundation\\Http\\Kernel.php(151): Illuminate\\Pipeline\\Pipeline->then(Object(Closure))
#47 C:\\Users\\BADR\\Desktop\\FullCalendar-4.x-Laravel-6.x\\vendor\\laravel\\framework\\src\\Illuminate\\Foundation\\Http\\Kernel.php(116): Illuminate\\Foundation\\Http\\Kernel->sendRequestThroughRouter(Object(Illuminate\\Http\\Request))
#48 C:\\Users\\BADR\\Desktop\\FullCalendar-4.x-Laravel-6.x\\public\\index.php(55): Illuminate\\Foundation\\Http\\Kernel->handle(Object(Illuminate\\Http\\Request))
#49 C:\\Users\\BADR\\Desktop\\FullCalendar-4.x-Laravel-6.x\\server.php(21): require_once('C:\\\\Users\\\\BADR\\\\D...')
#50 {main}

[previous exception] [object] (PDOException(code: 42000): SQLSTATE[42000]: Syntax error or access violation: 1064 Erreur de syntaxe près de '.`name ,professeurs`.`prenom FROM ``ligne_class_profs`` join professeurs on prof' à la ligne 1 at C:\\Users\\BADR\\Desktop\\FullCalendar-4.x-Laravel-6.x\\vendor\\laravel\\framework\\src\\Illuminate\\Database\\Connection.php:327)
[stacktrace]
#0 C:\\Users\\BADR\\Desktop\\FullCalendar-4.x-Laravel-6.x\\vendor\\laravel\\framework\\src\\Illuminate\\Database\\Connection.php(327): PDO->prepare('select `SELECT ...')
#1 C:\\Users\\BADR\\Desktop\\FullCalendar-4.x-Laravel-6.x\\vendor\\laravel\\framework\\src\\Illuminate\\Database\\Connection.php(658): Illuminate\\Database\\Connection->Illuminate\\Database\\{closure}('select `SELECT ...', Array)
#2 C:\\Users\\BADR\\Desktop\\FullCalendar-4.x-Laravel-6.x\\vendor\\laravel\\framework\\src\\Illuminate\\Database\\Connection.php(625): Illuminate\\Database\\Connection->runQueryCallback('select `SELECT ...', Array, Object(Closure))
#3 C:\\Users\\BADR\\Desktop\\FullCalendar-4.x-Laravel-6.x\\vendor\\laravel\\framework\\src\\Illuminate\\Database\\Connection.php(334): Illuminate\\Database\\Connection->run('select `SELECT ...', Array, Object(Closure))
#4 C:\\Users\\BADR\\Desktop\\FullCalendar-4.x-Laravel-6.x\\vendor\\laravel\\framework\\src\\Illuminate\\Database\\Query\\Builder.php(2130): Illuminate\\Database\\Connection->select('select `SELECT ...', Array, true)
#5 C:\\Users\\BADR\\Desktop\\FullCalendar-4.x-Laravel-6.x\\vendor\\laravel\\framework\\src\\Illuminate\\Database\\Query\\Builder.php(2118): Illuminate\\Database\\Query\\Builder->runSelect()
#6 C:\\Users\\BADR\\Desktop\\FullCalendar-4.x-Laravel-6.x\\vendor\\laravel\\framework\\src\\Illuminate\\Database\\Query\\Builder.php(2562): Illuminate\\Database\\Query\\Builder->Illuminate\\Database\\Query\\{closure}()
#7 C:\\Users\\BADR\\Desktop\\FullCalendar-4.x-Laravel-6.x\\vendor\\laravel\\framework\\src\\Illuminate\\Database\\Query\\Builder.php(2119): Illuminate\\Database\\Query\\Builder->onceWithColumns(Array, Object(Closure))
#8 C:\\Users\\BADR\\Desktop\\FullCalendar-4.x-Laravel-6.x\\vendor\\laravel\\framework\\src\\Illuminate\\Database\\Eloquent\\Builder.php(521): Illuminate\\Database\\Query\\Builder->get(Array)
#9 C:\\Users\\BADR\\Desktop\\FullCalendar-4.x-Laravel-6.x\\vendor\\laravel\\framework\\src\\Illuminate\\Database\\Eloquent\\Builder.php(505): Illuminate\\Database\\Eloquent\\Builder->getModels(Array)
#10 C:\\Users\\BADR\\Desktop\\FullCalendar-4.x-Laravel-6.x\\app\\Http\\Controllers\\ClassController.php(65): Illuminate\\Database\\Eloquent\\Builder->get()
#11 [internal function]: App\\Http\\Controllers\\ClassController->listClassProf(Object(Illuminate\\Http\\Request))
#12 C:\\Users\\BADR\\Desktop\\FullCalendar-4.x-Laravel-6.x\\vendor\\laravel\\framework\\src\\Illuminate\\Routing\\Controller.php(54): call_user_func_array(Array, Array)
#13 C:\\Users\\BADR\\Desktop\\FullCalendar-4.x-Laravel-6.x\\vendor\\laravel\\framework\\src\\Illuminate\\Routing\\ControllerDispatcher.php(45): Illuminate\\Routing\\Controller->callAction('listClassProf', Array)
#14 C:\\Users\\BADR\\Desktop\\FullCalendar-4.x-Laravel-6.x\\vendor\\laravel\\framework\\src\\Illuminate\\Routing\\Route.php(219): Illuminate\\Routing\\ControllerDispatcher->dispatch(Object(Illuminate\\Routing\\Route), Object(App\\Http\\Controllers\\ClassController), 'listClassProf')
#15 C:\\Users\\BADR\\Desktop\\FullCalendar-4.x-Laravel-6.x\\vendor\\laravel\\framework\\src\\Illuminate\\Routing\\Route.php(176): Illuminate\\Routing\\Route->runController()
#16 C:\\Users\\BADR\\Desktop\\FullCalendar-4.x-Laravel-6.x\\vendor\\laravel\\framework\\src\\Illuminate\\Routing\\Router.php(680): Illuminate\\Routing\\Route->run()
#17 C:\\Users\\BADR\\Desktop\\FullCalendar-4.x-Laravel-6.x\\vendor\\laravel\\framework\\src\\Illuminate\\Pipeline\\Pipeline.php(130): Illuminate\\Routing\\Router->Illuminate\\Routing\\{closure}(Object(Illuminate\\Http\\Request))
#18 C:\\Users\\BADR\\Desktop\\FullCalendar-4.x-Laravel-6.x\\vendor\\laravel\\framework\\src\\Illuminate\\Routing\\Middleware\\SubstituteBindings.php(41): Illuminate\\Pipeline\\Pipeline->Illuminate\\Pipeline\\{closure}(Object(Illuminate\\Http\\Request))
#19 C:\\Users\\BADR\\Desktop\\FullCalendar-4.x-Laravel-6.x\\vendor\\laravel\\framework\\src\\Illuminate\\Pipeline\\Pipeline.php(171): Illuminate\\Routing\\Middleware\\SubstituteBindings->handle(Object(Illuminate\\Http\\Request), Object(Closure))
#20 C:\\Users\\BADR\\Desktop\\FullCalendar-4.x-Laravel-6.x\\vendor\\laravel\\framework\\src\\Illuminate\\Foundation\\Http\\Middleware\\VerifyCsrfToken.php(76): Illuminate\\Pipeline\\Pipeline->Illuminate\\Pipeline\\{closure}(Object(Illuminate\\Http\\Request))
#21 C:\\Users\\BADR\\Desktop\\FullCalendar-4.x-Laravel-6.x\\vendor\\laravel\\framework\\src\\Illuminate\\Pipeline\\Pipeline.php(171): Illuminate\\Foundation\\Http\\Middleware\\VerifyCsrfToken->handle(Object(Illuminate\\Http\\Request), Object(Closure))
#22 C:\\Users\\BADR\\Desktop\\FullCalendar-4.x-Laravel-6.x\\vendor\\laravel\\framework\\src\\Illuminate\\View\\Middleware\\ShareErrorsFromSession.php(49): Illuminate\\Pipeline\\Pipeline->Illuminate\\Pipeline\\{closure}(Object(Illuminate\\Http\\Request))
#23 C:\\Users\\BADR\\Desktop\\FullCalendar-4.x-Laravel-6.x\\vendor\\laravel\\framework\\src\\Illuminate\\Pipeline\\Pipeline.php(171): Illuminate\\View\\Middleware\\ShareErrorsFromSession->handle(Object(Illuminate\\Http\\Request), Object(Closure))
#24 C:\\Users\\BADR\\Desktop\\FullCalendar-4.x-Laravel-6.x\\vendor\\laravel\\framework\\src\\Illuminate\\Session\\Middleware\\StartSession.php(56): Illuminate\\Pipeline\\Pipeline->Illuminate\\Pipeline\\{closure}(Object(Illuminate\\Http\\Request))
#25 C:\\Users\\BADR\\Desktop\\FullCalendar-4.x-Laravel-6.x\\vendor\\laravel\\framework\\src\\Illuminate\\Pipeline\\Pipeline.php(171): Illuminate\\Session\\Middleware\\StartSession->handle(Object(Illuminate\\Http\\Request), Object(Closure))
#26 C:\\Users\\BADR\\Desktop\\FullCalendar-4.x-Laravel-6.x\\vendor\\laravel\\framework\\src\\Illuminate\\Cookie\\Middleware\\AddQueuedCookiesToResponse.php(37): Illuminate\\Pipeline\\Pipeline->Illuminate\\Pipeline\\{closure}(Object(Illuminate\\Http\\Request))
#27 C:\\Users\\BADR\\Desktop\\FullCalendar-4.x-Laravel-6.x\\vendor\\laravel\\framework\\src\\Illuminate\\Pipeline\\Pipeline.php(171): Illuminate\\Cookie\\Middleware\\AddQueuedCookiesToResponse->handle(Object(Illuminate\\Http\\Request), Object(Closure))
#28 C:\\Users\\BADR\\Desktop\\FullCalendar-4.x-Laravel-6.x\\vendor\\laravel\\framework\\src\\Illuminate\\Cookie\\Middleware\\EncryptCookies.php(66): Illuminate\\Pipeline\\Pipeline->Illuminate\\Pipeline\\{closure}(Object(Illuminate\\Http\\Request))
#29 C:\\Users\\BADR\\Desktop\\FullCalendar-4.x-Laravel-6.x\\vendor\\laravel\\framework\\src\\Illuminate\\Pipeline\\Pipeline.php(171): Illuminate\\Cookie\\Middleware\\EncryptCookies->handle(Object(Illuminate\\Http\\Request), Object(Closure))
#30 C:\\Users\\BADR\\Desktop\\FullCalendar-4.x-Laravel-6.x\\vendor\\laravel\\framework\\src\\Illuminate\\Pipeline\\Pipeline.php(105): Illuminate\\Pipeline\\Pipeline->Illuminate\\Pipeline\\{closure}(Object(Illuminate\\Http\\Request))
#31 C:\\Users\\BADR\\Desktop\\FullCalendar-4.x-Laravel-6.x\\vendor\\laravel\\framework\\src\\Illuminate\\Routing\\Router.php(682): Illuminate\\Pipeline\\Pipeline->then(Object(Closure))
#32 C:\\Users\\BADR\\Desktop\\FullCalendar-4.x-Laravel-6.x\\vendor\\laravel\\framework\\src\\Illuminate\\Routing\\Router.php(657): Illuminate\\Routing\\Router->runRouteWithinStack(Object(Illuminate\\Routing\\Route), Object(Illuminate\\Http\\Request))
#33 C:\\Users\\BADR\\Desktop\\FullCalendar-4.x-Laravel-6.x\\vendor\\laravel\\framework\\src\\Illuminate\\Routing\\Router.php(623): Illuminate\\Routing\\Router->runRoute(Object(Illuminate\\Http\\Request), Object(Illuminate\\Routing\\Route))
#34 C:\\Users\\BADR\\Desktop\\FullCalendar-4.x-Laravel-6.x\\vendor\\laravel\\framework\\src\\Illuminate\\Routing\\Router.php(612): Illuminate\\Routing\\Router->dispatchToRoute(Object(Illuminate\\Http\\Request))
#35 C:\\Users\\BADR\\Desktop\\FullCalendar-4.x-Laravel-6.x\\vendor\\laravel\\framework\\src\\Illuminate\\Foundation\\Http\\Kernel.php(176): Illuminate\\Routing\\Router->dispatch(Object(Illuminate\\Http\\Request))
#36 C:\\Users\\BADR\\Desktop\\FullCalendar-4.x-Laravel-6.x\\vendor\\laravel\\framework\\src\\Illuminate\\Pipeline\\Pipeline.php(130): Illuminate\\Foundation\\Http\\Kernel->Illuminate\\Foundation\\Http\\{closure}(Object(Illuminate\\Http\\Request))
#37 C:\\Users\\BADR\\Desktop\\FullCalendar-4.x-Laravel-6.x\\vendor\\laravel\\framework\\src\\Illuminate\\Foundation\\Http\\Middleware\\TransformsRequest.php(21): Illuminate\\Pipeline\\Pipeline->Illuminate\\Pipeline\\{closure}(Object(Illuminate\\Http\\Request))
#38 C:\\Users\\BADR\\Desktop\\FullCalendar-4.x-Laravel-6.x\\vendor\\laravel\\framework\\src\\Illuminate\\Pipeline\\Pipeline.php(171): Illuminate\\Foundation\\Http\\Middleware\\TransformsRequest->handle(Object(Illuminate\\Http\\Request), Object(Closure))
#39 C:\\Users\\BADR\\Desktop\\FullCalendar-4.x-Laravel-6.x\\vendor\\laravel\\framework\\src\\Illuminate\\Foundation\\Http\\Middleware\\TransformsRequest.php(21): Illuminate\\Pipeline\\Pipeline->Illuminate\\Pipeline\\{closure}(Object(Illuminate\\Http\\Request))
#40 C:\\Users\\BADR\\Desktop\\FullCalendar-4.x-Laravel-6.x\\vendor\\laravel\\framework\\src\\Illuminate\\Pipeline\\Pipeline.php(171): Illuminate\\Foundation\\Http\\Middleware\\TransformsRequest->handle(Object(Illuminate\\Http\\Request), Object(Closure))
#41 C:\\Users\\BADR\\Desktop\\FullCalendar-4.x-Laravel-6.x\\vendor\\laravel\\framework\\src\\Illuminate\\Foundation\\Http\\Middleware\\ValidatePostSize.php(27): Illuminate\\Pipeline\\Pipeline->Illuminate\\Pipeline\\{closure}(Object(Illuminate\\Http\\Request))
#42 C:\\Users\\BADR\\Desktop\\FullCalendar-4.x-Laravel-6.x\\vendor\\laravel\\framework\\src\\Illuminate\\Pipeline\\Pipeline.php(171): Illuminate\\Foundation\\Http\\Middleware\\ValidatePostSize->handle(Object(Illuminate\\Http\\Request), Object(Closure))
#43 C:\\Users\\BADR\\Desktop\\FullCalendar-4.x-Laravel-6.x\\vendor\\laravel\\framework\\src\\Illuminate\\Foundation\\Http\\Middleware\\CheckForMaintenanceMode.php(62): Illuminate\\Pipeline\\Pipeline->Illuminate\\Pipeline\\{closure}(Object(Illuminate\\Http\\Request))
#44 C:\\Users\\BADR\\Desktop\\FullCalendar-4.x-Laravel-6.x\\vendor\\laravel\\framework\\src\\Illuminate\\Pipeline\\Pipeline.php(171): Illuminate\\Foundation\\Http\\Middleware\\CheckForMaintenanceMode->handle(Object(Illuminate\\Http\\Request), Object(Closure))
#45 C:\\Users\\BADR\\Desktop\\FullCalendar-4.x-Laravel-6.x\\vendor\\fideloper\\proxy\\src\\TrustProxies.php(57): Illuminate\\Pipeline\\Pipeline->Illuminate\\Pipeline\\{closure}(Object(Illuminate\\Http\\Request))
#46 C:\\Users\\BADR\\Desktop\\FullCalendar-4.x-Laravel-6.x\\vendor\\laravel\\framework\\src\\Illuminate\\Pipeline\\Pipeline.php(171): Fideloper\\Proxy\\TrustProxies->handle(Object(Illuminate\\Http\\Request), Object(Closure))
#47 C:\\Users\\BADR\\Desktop\\FullCalendar-4.x-Laravel-6.x\\vendor\\laravel\\framework\\src\\Illuminate\\Pipeline\\Pipeline.php(105): Illuminate\\Pipeline\\Pipeline->Illuminate\\Pipeline\\{closure}(Object(Illuminate\\Http\\Request))
#48 C:\\Users\\BADR\\Desktop\\FullCalendar-4.x-Laravel-6.x\\vendor\\laravel\\framework\\src\\Illuminate\\Foundation\\Http\\Kernel.php(151): Illuminate\\Pipeline\\Pipeline->then(Object(Closure))
#49 C:\\Users\\BADR\\Desktop\\FullCalendar-4.x-Laravel-6.x\\vendor\\laravel\\framework\\src\\Illuminate\\Foundation\\Http\\Kernel.php(116): Illuminate\\Foundation\\Http\\Kernel->sendRequestThroughRouter(Object(Illuminate\\Http\\Request))
#50 C:\\Users\\BADR\\Desktop\\FullCalendar-4.x-Laravel-6.x\\public\\index.php(55): Illuminate\\Foundation\\Http\\Kernel->handle(Object(Illuminate\\Http\\Request))
#51 C:\\Users\\BADR\\Desktop\\FullCalendar-4.x-Laravel-6.x\\server.php(21): require_once('C:\\\\Users\\\\BADR\\\\D...')
#52 {main}
"} 
