[2020-12-04 09:08:33] local.ERROR: No application encryption key has been specified. {"exception":"[object] (RuntimeException(code: 0): No application encryption key has been specified. at C:\\Users\\hb\\Desktop\\FullCalendar-4.x-Laravel-6.x\\vendor\\laravel\\framework\\src\\Illuminate\\Encryption\\EncryptionServiceProvider.php:44)
[stacktrace]
#0 C:\\Users\\hb\\Desktop\\FullCalendar-4.x-Laravel-6.x\\vendor\\laravel\\framework\\src\\Illuminate\\Support\\helpers.php(422): Illuminate\\Encryption\\EncryptionServiceProvider->Illuminate\\Encryption\\{closure}('')
#1 C:\\Users\\hb\\Desktop\\FullCalendar-4.x-Laravel-6.x\\vendor\\laravel\\framework\\src\\Illuminate\\Encryption\\EncryptionServiceProvider.php(48): tap('', Object(Closure))
#2 C:\\Users\\hb\\Desktop\\FullCalendar-4.x-Laravel-6.x\\vendor\\laravel\\framework\\src\\Illuminate\\Encryption\\EncryptionServiceProvider.php(24): Illuminate\\Encryption\\EncryptionServiceProvider->key(Array)
#3 C:\\Users\\hb\\Desktop\\FullCalendar-4.x-Laravel-6.x\\vendor\\laravel\\framework\\src\\Illuminate\\Container\\Container.php(800): Illuminate\\Encryption\\EncryptionServiceProvider->Illuminate\\Encryption\\{closure}(Object(Illuminate\\Foundation\\Application), Array)
#4 C:\\Users\\hb\\Desktop\\FullCalendar-4.x-Laravel-6.x\\vendor\\laravel\\framework\\src\\Illuminate\\Container\\Container.php(682): Illuminate\\Container\\Container->build(Object(Closure))
#5 C:\\Users\\hb\\Desktop\\FullCalendar-4.x-Laravel-6.x\\vendor\\laravel\\framework\\src\\Illuminate\\Container\\Container.php(630): Illuminate\\Container\\Container->resolve('encrypter', Array)
#6 C:\\Users\\hb\\Desktop\\FullCalendar-4.x-Laravel-6.x\\vendor\\laravel\\framework\\src\\Illuminate\\Foundation\\Application.php(768): Illuminate\\Container\\Container->make('encrypter', Array)
#7 C:\\Users\\hb\\Desktop\\FullCalendar-4.x-Laravel-6.x\\vendor\\laravel\\framework\\src\\Illuminate\\Container\\Container.php(946): Illuminate\\Foundation\\Application->make('encrypter')
#8 C:\\Users\\hb\\Desktop\\FullCalendar-4.x-Laravel-6.x\\vendor\\laravel\\framework\\src\\Illuminate\\Container\\Container.php(874): Illuminate\\Container\\Container->resolveClass(Object(ReflectionParameter))
#9 C:\\Users\\hb\\Desktop\\FullCalendar-4.x-Laravel-6.x\\vendor\\laravel\\framework\\src\\Illuminate\\Container\\Container.php(835): Illuminate\\Container\\Container->resolveDependencies(Array)
#10 C:\\Users\\hb\\Desktop\\FullCalendar-4.x-Laravel-6.x\\vendor\\laravel\\framework\\src\\Illuminate\\Container\\Container.php(682): Illuminate\\Container\\Container->build('App\\\\Http\\\\Middle...')
#11 C:\\Users\\hb\\Desktop\\FullCalendar-4.x-Laravel-6.x\\vendor\\laravel\\framework\\src\\Illuminate\\Container\\Container.php(630): Illuminate\\Container\\Container->resolve('App\\\\Http\\\\Middle...', Array)
#12 C:\\Users\\hb\\Desktop\\FullCalendar-4.x-Laravel-6.x\\vendor\\laravel\\framework\\src\\Illuminate\\Foundation\\Application.php(768): Illuminate\\Container\\Container->make('App\\\\Http\\\\Middle...', Array)
#13 C:\\Users\\hb\\Desktop\\FullCalendar-4.x-Laravel-6.x\\vendor\\laravel\\framework\\src\\Illuminate\\Pipeline\\Pipeline.php(160): Illuminate\\Foundation\\Application->make('App\\\\Http\\\\Middle...')
#14 C:\\Users\\hb\\Desktop\\FullCalendar-4.x-Laravel-6.x\\vendor\\laravel\\framework\\src\\Illuminate\\Pipeline\\Pipeline.php(105): Illuminate\\Pipeline\\Pipeline->Illuminate\\Pipeline\\{closure}(Object(Illuminate\\Http\\Request))
#15 C:\\Users\\hb\\Desktop\\FullCalendar-4.x-Laravel-6.x\\vendor\\laravel\\framework\\src\\Illuminate\\Routing\\Router.php(682): Illuminate\\Pipeline\\Pipeline->then(Object(Closure))
#16 C:\\Users\\hb\\Desktop\\FullCalendar-4.x-Laravel-6.x\\vendor\\laravel\\framework\\src\\Illuminate\\Routing\\Router.php(657): Illuminate\\Routing\\Router->runRouteWithinStack(Object(Illuminate\\Routing\\Route), Object(Illuminate\\Http\\Request))
#17 C:\\Users\\hb\\Desktop\\FullCalendar-4.x-Laravel-6.x\\vendor\\laravel\\framework\\src\\Illuminate\\Routing\\Router.php(623): Illuminate\\Routing\\Router->runRoute(Object(Illuminate\\Http\\Request), Object(Illuminate\\Routing\\Route))
#18 C:\\Users\\hb\\Desktop\\FullCalendar-4.x-Laravel-6.x\\vendor\\laravel\\framework\\src\\Illuminate\\Routing\\Router.php(612): Illuminate\\Routing\\Router->dispatchToRoute(Object(Illuminate\\Http\\Request))
#19 C:\\Users\\hb\\Desktop\\FullCalendar-4.x-Laravel-6.x\\vendor\\laravel\\framework\\src\\Illuminate\\Foundation\\Http\\Kernel.php(176): Illuminate\\Routing\\Router->dispatch(Object(Illuminate\\Http\\Request))
#20 C:\\Users\\hb\\Desktop\\FullCalendar-4.x-Laravel-6.x\\vendor\\laravel\\framework\\src\\Illuminate\\Pipeline\\Pipeline.php(130): Illuminate\\Foundation\\Http\\Kernel->Illuminate\\Foundation\\Http\\{closure}(Object(Illuminate\\Http\\Request))
#21 C:\\Users\\hb\\Desktop\\FullCalendar-4.x-Laravel-6.x\\vendor\\laravel\\framework\\src\\Illuminate\\Foundation\\Http\\Middleware\\TransformsRequest.php(21): Illuminate\\Pipeline\\Pipeline->Illuminate\\Pipeline\\{closure}(Object(Illuminate\\Http\\Request))
#22 C:\\Users\\hb\\Desktop\\FullCalendar-4.x-Laravel-6.x\\vendor\\laravel\\framework\\src\\Illuminate\\Pipeline\\Pipeline.php(171): Illuminate\\Foundation\\Http\\Middleware\\TransformsRequest->handle(Object(Illuminate\\Http\\Request), Object(Closure))
#23 C:\\Users\\hb\\Desktop\\FullCalendar-4.x-Laravel-6.x\\vendor\\laravel\\framework\\src\\Illuminate\\Foundation\\Http\\Middleware\\TransformsRequest.php(21): Illuminate\\Pipeline\\Pipeline->Illuminate\\Pipeline\\{closure}(Object(Illuminate\\Http\\Request))
#24 C:\\Users\\hb\\Desktop\\FullCalendar-4.x-Laravel-6.x\\vendor\\laravel\\framework\\src\\Illuminate\\Pipeline\\Pipeline.php(171): Illuminate\\Foundation\\Http\\Middleware\\TransformsRequest->handle(Object(Illuminate\\Http\\Request), Object(Closure))
#25 C:\\Users\\hb\\Desktop\\FullCalendar-4.x-Laravel-6.x\\vendor\\laravel\\framework\\src\\Illuminate\\Foundation\\Http\\Middleware\\ValidatePostSize.php(27): Illuminate\\Pipeline\\Pipeline->Illuminate\\Pipeline\\{closure}(Object(Illuminate\\Http\\Request))
#26 C:\\Users\\hb\\Desktop\\FullCalendar-4.x-Laravel-6.x\\vendor\\laravel\\framework\\src\\Illuminate\\Pipeline\\Pipeline.php(171): Illuminate\\Foundation\\Http\\Middleware\\ValidatePostSize->handle(Object(Illuminate\\Http\\Request), Object(Closure))
#27 C:\\Users\\hb\\Desktop\\FullCalendar-4.x-Laravel-6.x\\vendor\\laravel\\framework\\src\\Illuminate\\Foundation\\Http\\Middleware\\CheckForMaintenanceMode.php(62): Illuminate\\Pipeline\\Pipeline->Illuminate\\Pipeline\\{closure}(Object(Illuminate\\Http\\Request))
#28 C:\\Users\\hb\\Desktop\\FullCalendar-4.x-Laravel-6.x\\vendor\\laravel\\framework\\src\\Illuminate\\Pipeline\\Pipeline.php(171): Illuminate\\Foundation\\Http\\Middleware\\CheckForMaintenanceMode->handle(Object(Illuminate\\Http\\Request), Object(Closure))
#29 C:\\Users\\hb\\Desktop\\FullCalendar-4.x-Laravel-6.x\\vendor\\fideloper\\proxy\\src\\TrustProxies.php(57): Illuminate\\Pipeline\\Pipeline->Illuminate\\Pipeline\\{closure}(Object(Illuminate\\Http\\Request))
#30 C:\\Users\\hb\\Desktop\\FullCalendar-4.x-Laravel-6.x\\vendor\\laravel\\framework\\src\\Illuminate\\Pipeline\\Pipeline.php(171): Fideloper\\Proxy\\TrustProxies->handle(Object(Illuminate\\Http\\Request), Object(Closure))
#31 C:\\Users\\hb\\Desktop\\FullCalendar-4.x-Laravel-6.x\\vendor\\laravel\\framework\\src\\Illuminate\\Pipeline\\Pipeline.php(105): Illuminate\\Pipeline\\Pipeline->Illuminate\\Pipeline\\{closure}(Object(Illuminate\\Http\\Request))
#32 C:\\Users\\hb\\Desktop\\FullCalendar-4.x-Laravel-6.x\\vendor\\laravel\\framework\\src\\Illuminate\\Foundation\\Http\\Kernel.php(151): Illuminate\\Pipeline\\Pipeline->then(Object(Closure))
#33 C:\\Users\\hb\\Desktop\\FullCalendar-4.x-Laravel-6.x\\vendor\\laravel\\framework\\src\\Illuminate\\Foundation\\Http\\Kernel.php(116): Illuminate\\Foundation\\Http\\Kernel->sendRequestThroughRouter(Object(Illuminate\\Http\\Request))
#34 C:\\Users\\hb\\Desktop\\FullCalendar-4.x-Laravel-6.x\\public\\index.php(55): Illuminate\\Foundation\\Http\\Kernel->handle(Object(Illuminate\\Http\\Request))
#35 C:\\Users\\hb\\Desktop\\FullCalendar-4.x-Laravel-6.x\\server.php(21): require_once('C:\\\\Users\\\\hb\\\\Des...')
#36 {main}
"} 
[2020-12-04 09:08:34] local.ERROR: No application encryption key has been specified. {"exception":"[object] (RuntimeException(code: 0): No application encryption key has been specified. at C:\\Users\\hb\\Desktop\\FullCalendar-4.x-Laravel-6.x\\vendor\\laravel\\framework\\src\\Illuminate\\Encryption\\EncryptionServiceProvider.php:44)
[stacktrace]
#0 C:\\Users\\hb\\Desktop\\FullCalendar-4.x-Laravel-6.x\\vendor\\laravel\\framework\\src\\Illuminate\\Support\\helpers.php(422): Illuminate\\Encryption\\EncryptionServiceProvider->Illuminate\\Encryption\\{closure}('')
#1 C:\\Users\\hb\\Desktop\\FullCalendar-4.x-Laravel-6.x\\vendor\\laravel\\framework\\src\\Illuminate\\Encryption\\EncryptionServiceProvider.php(48): tap('', Object(Closure))
#2 C:\\Users\\hb\\Desktop\\FullCalendar-4.x-Laravel-6.x\\vendor\\laravel\\framework\\src\\Illuminate\\Encryption\\EncryptionServiceProvider.php(24): Illuminate\\Encryption\\EncryptionServiceProvider->key(Array)
#3 C:\\Users\\hb\\Desktop\\FullCalendar-4.x-Laravel-6.x\\vendor\\laravel\\framework\\src\\Illuminate\\Container\\Container.php(800): Illuminate\\Encryption\\EncryptionServiceProvider->Illuminate\\Encryption\\{closure}(Object(Illuminate\\Foundation\\Application), Array)
#4 C:\\Users\\hb\\Desktop\\FullCalendar-4.x-Laravel-6.x\\vendor\\laravel\\framework\\src\\Illuminate\\Container\\Container.php(682): Illuminate\\Container\\Container->build(Object(Closure))
#5 C:\\Users\\hb\\Desktop\\FullCalendar-4.x-Laravel-6.x\\vendor\\laravel\\framework\\src\\Illuminate\\Container\\Container.php(630): Illuminate\\Container\\Container->resolve('encrypter', Array)
#6 C:\\Users\\hb\\Desktop\\FullCalendar-4.x-Laravel-6.x\\vendor\\laravel\\framework\\src\\Illuminate\\Foundation\\Application.php(768): Illuminate\\Container\\Container->make('encrypter', Array)
#7 C:\\Users\\hb\\Desktop\\FullCalendar-4.x-Laravel-6.x\\vendor\\laravel\\framework\\src\\Illuminate\\Container\\Container.php(946): Illuminate\\Foundation\\Application->make('encrypter')
#8 C:\\Users\\hb\\Desktop\\FullCalendar-4.x-Laravel-6.x\\vendor\\laravel\\framework\\src\\Illuminate\\Container\\Container.php(874): Illuminate\\Container\\Container->resolveClass(Object(ReflectionParameter))
#9 C:\\Users\\hb\\Desktop\\FullCalendar-4.x-Laravel-6.x\\vendor\\laravel\\framework\\src\\Illuminate\\Container\\Container.php(835): Illuminate\\Container\\Container->resolveDependencies(Array)
#10 C:\\Users\\hb\\Desktop\\FullCalendar-4.x-Laravel-6.x\\vendor\\laravel\\framework\\src\\Illuminate\\Container\\Container.php(682): Illuminate\\Container\\Container->build('App\\\\Http\\\\Middle...')
#11 C:\\Users\\hb\\Desktop\\FullCalendar-4.x-Laravel-6.x\\vendor\\laravel\\framework\\src\\Illuminate\\Container\\Container.php(630): Illuminate\\Container\\Container->resolve('App\\\\Http\\\\Middle...', Array)
#12 C:\\Users\\hb\\Desktop\\FullCalendar-4.x-Laravel-6.x\\vendor\\laravel\\framework\\src\\Illuminate\\Foundation\\Application.php(768): Illuminate\\Container\\Container->make('App\\\\Http\\\\Middle...', Array)
#13 C:\\Users\\hb\\Desktop\\FullCalendar-4.x-Laravel-6.x\\vendor\\laravel\\framework\\src\\Illuminate\\Foundation\\Http\\Kernel.php(215): Illuminate\\Foundation\\Application->make('App\\\\Http\\\\Middle...')
#14 C:\\Users\\hb\\Desktop\\FullCalendar-4.x-Laravel-6.x\\vendor\\laravel\\framework\\src\\Illuminate\\Foundation\\Http\\Kernel.php(189): Illuminate\\Foundation\\Http\\Kernel->terminateMiddleware(Object(Illuminate\\Http\\Request), Object(Illuminate\\Http\\Response))
#15 C:\\Users\\hb\\Desktop\\FullCalendar-4.x-Laravel-6.x\\public\\index.php(60): Illuminate\\Foundation\\Http\\Kernel->terminate(Object(Illuminate\\Http\\Request), Object(Illuminate\\Http\\Response))
#16 C:\\Users\\hb\\Desktop\\FullCalendar-4.x-Laravel-6.x\\server.php(21): require_once('C:\\\\Users\\\\hb\\\\Des...')
#17 {main}
"} 
[2020-12-04 09:08:56] local.ERROR: Command "key:genrate" is not defined.

Did you mean one of these?
    event:generate
    key:generate {"exception":"[object] (Symfony\\Component\\Console\\Exception\\CommandNotFoundException(code: 0): Command \"key:genrate\" is not defined.

Did you mean one of these?
    event:generate
    key:generate at C:\\Users\\hb\\Desktop\\FullCalendar-4.x-Laravel-6.x\\vendor\\symfony\\console\\Application.php:660)
[stacktrace]
#0 C:\\Users\\hb\\Desktop\\FullCalendar-4.x-Laravel-6.x\\vendor\\symfony\\console\\Application.php(237): Symfony\\Component\\Console\\Application->find('key:genrate')
#1 C:\\Users\\hb\\Desktop\\FullCalendar-4.x-Laravel-6.x\\vendor\\symfony\\console\\Application.php(149): Symfony\\Component\\Console\\Application->doRun(Object(Symfony\\Component\\Console\\Input\\ArgvInput), Object(Symfony\\Component\\Console\\Output\\ConsoleOutput))
#2 C:\\Users\\hb\\Desktop\\FullCalendar-4.x-Laravel-6.x\\vendor\\laravel\\framework\\src\\Illuminate\\Console\\Application.php(90): Symfony\\Component\\Console\\Application->run(Object(Symfony\\Component\\Console\\Input\\ArgvInput), Object(Symfony\\Component\\Console\\Output\\ConsoleOutput))
#3 C:\\Users\\hb\\Desktop\\FullCalendar-4.x-Laravel-6.x\\vendor\\laravel\\framework\\src\\Illuminate\\Foundation\\Console\\Kernel.php(131): Illuminate\\Console\\Application->run(Object(Symfony\\Component\\Console\\Input\\ArgvInput), Object(Symfony\\Component\\Console\\Output\\ConsoleOutput))
#4 C:\\Users\\hb\\Desktop\\FullCalendar-4.x-Laravel-6.x\\artisan(37): Illuminate\\Foundation\\Console\\Kernel->handle(Object(Symfony\\Component\\Console\\Input\\ArgvInput), Object(Symfony\\Component\\Console\\Output\\ConsoleOutput))
#5 {main}
"} 
[2020-12-04 09:09:24] local.ERROR: No application encryption key has been specified. {"exception":"[object] (RuntimeException(code: 0): No application encryption key has been specified. at C:\\Users\\hb\\Desktop\\FullCalendar-4.x-Laravel-6.x\\vendor\\laravel\\framework\\src\\Illuminate\\Encryption\\EncryptionServiceProvider.php:44)
[stacktrace]
#0 C:\\Users\\hb\\Desktop\\FullCalendar-4.x-Laravel-6.x\\vendor\\laravel\\framework\\src\\Illuminate\\Support\\helpers.php(422): Illuminate\\Encryption\\EncryptionServiceProvider->Illuminate\\Encryption\\{closure}('')
#1 C:\\Users\\hb\\Desktop\\FullCalendar-4.x-Laravel-6.x\\vendor\\laravel\\framework\\src\\Illuminate\\Encryption\\EncryptionServiceProvider.php(48): tap('', Object(Closure))
#2 C:\\Users\\hb\\Desktop\\FullCalendar-4.x-Laravel-6.x\\vendor\\laravel\\framework\\src\\Illuminate\\Encryption\\EncryptionServiceProvider.php(24): Illuminate\\Encryption\\EncryptionServiceProvider->key(Array)
#3 C:\\Users\\hb\\Desktop\\FullCalendar-4.x-Laravel-6.x\\vendor\\laravel\\framework\\src\\Illuminate\\Container\\Container.php(800): Illuminate\\Encryption\\EncryptionServiceProvider->Illuminate\\Encryption\\{closure}(Object(Illuminate\\Foundation\\Application), Array)
#4 C:\\Users\\hb\\Desktop\\FullCalendar-4.x-Laravel-6.x\\vendor\\laravel\\framework\\src\\Illuminate\\Container\\Container.php(682): Illuminate\\Container\\Container->build(Object(Closure))
#5 C:\\Users\\hb\\Desktop\\FullCalendar-4.x-Laravel-6.x\\vendor\\laravel\\framework\\src\\Illuminate\\Container\\Container.php(630): Illuminate\\Container\\Container->resolve('encrypter', Array)
#6 C:\\Users\\hb\\Desktop\\FullCalendar-4.x-Laravel-6.x\\vendor\\laravel\\framework\\src\\Illuminate\\Foundation\\Application.php(768): Illuminate\\Container\\Container->make('encrypter', Array)
#7 C:\\Users\\hb\\Desktop\\FullCalendar-4.x-Laravel-6.x\\vendor\\laravel\\framework\\src\\Illuminate\\Container\\Container.php(946): Illuminate\\Foundation\\Application->make('encrypter')
#8 C:\\Users\\hb\\Desktop\\FullCalendar-4.x-Laravel-6.x\\vendor\\laravel\\framework\\src\\Illuminate\\Container\\Container.php(874): Illuminate\\Container\\Container->resolveClass(Object(ReflectionParameter))
#9 C:\\Users\\hb\\Desktop\\FullCalendar-4.x-Laravel-6.x\\vendor\\laravel\\framework\\src\\Illuminate\\Container\\Container.php(835): Illuminate\\Container\\Container->resolveDependencies(Array)
#10 C:\\Users\\hb\\Desktop\\FullCalendar-4.x-Laravel-6.x\\vendor\\laravel\\framework\\src\\Illuminate\\Container\\Container.php(682): Illuminate\\Container\\Container->build('App\\\\Http\\\\Middle...')
#11 C:\\Users\\hb\\Desktop\\FullCalendar-4.x-Laravel-6.x\\vendor\\laravel\\framework\\src\\Illuminate\\Container\\Container.php(630): Illuminate\\Container\\Container->resolve('App\\\\Http\\\\Middle...', Array)
#12 C:\\Users\\hb\\Desktop\\FullCalendar-4.x-Laravel-6.x\\vendor\\laravel\\framework\\src\\Illuminate\\Foundation\\Application.php(768): Illuminate\\Container\\Container->make('App\\\\Http\\\\Middle...', Array)
#13 C:\\Users\\hb\\Desktop\\FullCalendar-4.x-Laravel-6.x\\vendor\\laravel\\framework\\src\\Illuminate\\Pipeline\\Pipeline.php(160): Illuminate\\Foundation\\Application->make('App\\\\Http\\\\Middle...')
#14 C:\\Users\\hb\\Desktop\\FullCalendar-4.x-Laravel-6.x\\vendor\\laravel\\framework\\src\\Illuminate\\Pipeline\\Pipeline.php(105): Illuminate\\Pipeline\\Pipeline->Illuminate\\Pipeline\\{closure}(Object(Illuminate\\Http\\Request))
#15 C:\\Users\\hb\\Desktop\\FullCalendar-4.x-Laravel-6.x\\vendor\\laravel\\framework\\src\\Illuminate\\Routing\\Router.php(682): Illuminate\\Pipeline\\Pipeline->then(Object(Closure))
#16 C:\\Users\\hb\\Desktop\\FullCalendar-4.x-Laravel-6.x\\vendor\\laravel\\framework\\src\\Illuminate\\Routing\\Router.php(657): Illuminate\\Routing\\Router->runRouteWithinStack(Object(Illuminate\\Routing\\Route), Object(Illuminate\\Http\\Request))
#17 C:\\Users\\hb\\Desktop\\FullCalendar-4.x-Laravel-6.x\\vendor\\laravel\\framework\\src\\Illuminate\\Routing\\Router.php(623): Illuminate\\Routing\\Router->runRoute(Object(Illuminate\\Http\\Request), Object(Illuminate\\Routing\\Route))
#18 C:\\Users\\hb\\Desktop\\FullCalendar-4.x-Laravel-6.x\\vendor\\laravel\\framework\\src\\Illuminate\\Routing\\Router.php(612): Illuminate\\Routing\\Router->dispatchToRoute(Object(Illuminate\\Http\\Request))
#19 C:\\Users\\hb\\Desktop\\FullCalendar-4.x-Laravel-6.x\\vendor\\laravel\\framework\\src\\Illuminate\\Foundation\\Http\\Kernel.php(176): Illuminate\\Routing\\Router->dispatch(Object(Illuminate\\Http\\Request))
#20 C:\\Users\\hb\\Desktop\\FullCalendar-4.x-Laravel-6.x\\vendor\\laravel\\framework\\src\\Illuminate\\Pipeline\\Pipeline.php(130): Illuminate\\Foundation\\Http\\Kernel->Illuminate\\Foundation\\Http\\{closure}(Object(Illuminate\\Http\\Request))
#21 C:\\Users\\hb\\Desktop\\FullCalendar-4.x-Laravel-6.x\\vendor\\laravel\\framework\\src\\Illuminate\\Foundation\\Http\\Middleware\\TransformsRequest.php(21): Illuminate\\Pipeline\\Pipeline->Illuminate\\Pipeline\\{closure}(Object(Illuminate\\Http\\Request))
#22 C:\\Users\\hb\\Desktop\\FullCalendar-4.x-Laravel-6.x\\vendor\\laravel\\framework\\src\\Illuminate\\Pipeline\\Pipeline.php(171): Illuminate\\Foundation\\Http\\Middleware\\TransformsRequest->handle(Object(Illuminate\\Http\\Request), Object(Closure))
#23 C:\\Users\\hb\\Desktop\\FullCalendar-4.x-Laravel-6.x\\vendor\\laravel\\framework\\src\\Illuminate\\Foundation\\Http\\Middleware\\TransformsRequest.php(21): Illuminate\\Pipeline\\Pipeline->Illuminate\\Pipeline\\{closure}(Object(Illuminate\\Http\\Request))
#24 C:\\Users\\hb\\Desktop\\FullCalendar-4.x-Laravel-6.x\\vendor\\laravel\\framework\\src\\Illuminate\\Pipeline\\Pipeline.php(171): Illuminate\\Foundation\\Http\\Middleware\\TransformsRequest->handle(Object(Illuminate\\Http\\Request), Object(Closure))
#25 C:\\Users\\hb\\Desktop\\FullCalendar-4.x-Laravel-6.x\\vendor\\laravel\\framework\\src\\Illuminate\\Foundation\\Http\\Middleware\\ValidatePostSize.php(27): Illuminate\\Pipeline\\Pipeline->Illuminate\\Pipeline\\{closure}(Object(Illuminate\\Http\\Request))
#26 C:\\Users\\hb\\Desktop\\FullCalendar-4.x-Laravel-6.x\\vendor\\laravel\\framework\\src\\Illuminate\\Pipeline\\Pipeline.php(171): Illuminate\\Foundation\\Http\\Middleware\\ValidatePostSize->handle(Object(Illuminate\\Http\\Request), Object(Closure))
#27 C:\\Users\\hb\\Desktop\\FullCalendar-4.x-Laravel-6.x\\vendor\\laravel\\framework\\src\\Illuminate\\Foundation\\Http\\Middleware\\CheckForMaintenanceMode.php(62): Illuminate\\Pipeline\\Pipeline->Illuminate\\Pipeline\\{closure}(Object(Illuminate\\Http\\Request))
#28 C:\\Users\\hb\\Desktop\\FullCalendar-4.x-Laravel-6.x\\vendor\\laravel\\framework\\src\\Illuminate\\Pipeline\\Pipeline.php(171): Illuminate\\Foundation\\Http\\Middleware\\CheckForMaintenanceMode->handle(Object(Illuminate\\Http\\Request), Object(Closure))
#29 C:\\Users\\hb\\Desktop\\FullCalendar-4.x-Laravel-6.x\\vendor\\fideloper\\proxy\\src\\TrustProxies.php(57): Illuminate\\Pipeline\\Pipeline->Illuminate\\Pipeline\\{closure}(Object(Illuminate\\Http\\Request))
#30 C:\\Users\\hb\\Desktop\\FullCalendar-4.x-Laravel-6.x\\vendor\\laravel\\framework\\src\\Illuminate\\Pipeline\\Pipeline.php(171): Fideloper\\Proxy\\TrustProxies->handle(Object(Illuminate\\Http\\Request), Object(Closure))
#31 C:\\Users\\hb\\Desktop\\FullCalendar-4.x-Laravel-6.x\\vendor\\laravel\\framework\\src\\Illuminate\\Pipeline\\Pipeline.php(105): Illuminate\\Pipeline\\Pipeline->Illuminate\\Pipeline\\{closure}(Object(Illuminate\\Http\\Request))
#32 C:\\Users\\hb\\Desktop\\FullCalendar-4.x-Laravel-6.x\\vendor\\laravel\\framework\\src\\Illuminate\\Foundation\\Http\\Kernel.php(151): Illuminate\\Pipeline\\Pipeline->then(Object(Closure))
#33 C:\\Users\\hb\\Desktop\\FullCalendar-4.x-Laravel-6.x\\vendor\\laravel\\framework\\src\\Illuminate\\Foundation\\Http\\Kernel.php(116): Illuminate\\Foundation\\Http\\Kernel->sendRequestThroughRouter(Object(Illuminate\\Http\\Request))
#34 C:\\Users\\hb\\Desktop\\FullCalendar-4.x-Laravel-6.x\\public\\index.php(55): Illuminate\\Foundation\\Http\\Kernel->handle(Object(Illuminate\\Http\\Request))
#35 C:\\Users\\hb\\Desktop\\FullCalendar-4.x-Laravel-6.x\\server.php(21): require_once('C:\\\\Users\\\\hb\\\\Des...')
#36 {main}
"} 
[2020-12-04 09:09:25] local.ERROR: No application encryption key has been specified. {"exception":"[object] (RuntimeException(code: 0): No application encryption key has been specified. at C:\\Users\\hb\\Desktop\\FullCalendar-4.x-Laravel-6.x\\vendor\\laravel\\framework\\src\\Illuminate\\Encryption\\EncryptionServiceProvider.php:44)
[stacktrace]
#0 C:\\Users\\hb\\Desktop\\FullCalendar-4.x-Laravel-6.x\\vendor\\laravel\\framework\\src\\Illuminate\\Support\\helpers.php(422): Illuminate\\Encryption\\EncryptionServiceProvider->Illuminate\\Encryption\\{closure}('')
#1 C:\\Users\\hb\\Desktop\\FullCalendar-4.x-Laravel-6.x\\vendor\\laravel\\framework\\src\\Illuminate\\Encryption\\EncryptionServiceProvider.php(48): tap('', Object(Closure))
#2 C:\\Users\\hb\\Desktop\\FullCalendar-4.x-Laravel-6.x\\vendor\\laravel\\framework\\src\\Illuminate\\Encryption\\EncryptionServiceProvider.php(24): Illuminate\\Encryption\\EncryptionServiceProvider->key(Array)
#3 C:\\Users\\hb\\Desktop\\FullCalendar-4.x-Laravel-6.x\\vendor\\laravel\\framework\\src\\Illuminate\\Container\\Container.php(800): Illuminate\\Encryption\\EncryptionServiceProvider->Illuminate\\Encryption\\{closure}(Object(Illuminate\\Foundation\\Application), Array)
#4 C:\\Users\\hb\\Desktop\\FullCalendar-4.x-Laravel-6.x\\vendor\\laravel\\framework\\src\\Illuminate\\Container\\Container.php(682): Illuminate\\Container\\Container->build(Object(Closure))
#5 C:\\Users\\hb\\Desktop\\FullCalendar-4.x-Laravel-6.x\\vendor\\laravel\\framework\\src\\Illuminate\\Container\\Container.php(630): Illuminate\\Container\\Container->resolve('encrypter', Array)
#6 C:\\Users\\hb\\Desktop\\FullCalendar-4.x-Laravel-6.x\\vendor\\laravel\\framework\\src\\Illuminate\\Foundation\\Application.php(768): Illuminate\\Container\\Container->make('encrypter', Array)
#7 C:\\Users\\hb\\Desktop\\FullCalendar-4.x-Laravel-6.x\\vendor\\laravel\\framework\\src\\Illuminate\\Container\\Container.php(946): Illuminate\\Foundation\\Application->make('encrypter')
#8 C:\\Users\\hb\\Desktop\\FullCalendar-4.x-Laravel-6.x\\vendor\\laravel\\framework\\src\\Illuminate\\Container\\Container.php(874): Illuminate\\Container\\Container->resolveClass(Object(ReflectionParameter))
#9 C:\\Users\\hb\\Desktop\\FullCalendar-4.x-Laravel-6.x\\vendor\\laravel\\framework\\src\\Illuminate\\Container\\Container.php(835): Illuminate\\Container\\Container->resolveDependencies(Array)
#10 C:\\Users\\hb\\Desktop\\FullCalendar-4.x-Laravel-6.x\\vendor\\laravel\\framework\\src\\Illuminate\\Container\\Container.php(682): Illuminate\\Container\\Container->build('App\\\\Http\\\\Middle...')
#11 C:\\Users\\hb\\Desktop\\FullCalendar-4.x-Laravel-6.x\\vendor\\laravel\\framework\\src\\Illuminate\\Container\\Container.php(630): Illuminate\\Container\\Container->resolve('App\\\\Http\\\\Middle...', Array)
#12 C:\\Users\\hb\\Desktop\\FullCalendar-4.x-Laravel-6.x\\vendor\\laravel\\framework\\src\\Illuminate\\Foundation\\Application.php(768): Illuminate\\Container\\Container->make('App\\\\Http\\\\Middle...', Array)
#13 C:\\Users\\hb\\Desktop\\FullCalendar-4.x-Laravel-6.x\\vendor\\laravel\\framework\\src\\Illuminate\\Foundation\\Http\\Kernel.php(215): Illuminate\\Foundation\\Application->make('App\\\\Http\\\\Middle...')
#14 C:\\Users\\hb\\Desktop\\FullCalendar-4.x-Laravel-6.x\\vendor\\laravel\\framework\\src\\Illuminate\\Foundation\\Http\\Kernel.php(189): Illuminate\\Foundation\\Http\\Kernel->terminateMiddleware(Object(Illuminate\\Http\\Request), Object(Illuminate\\Http\\Response))
#15 C:\\Users\\hb\\Desktop\\FullCalendar-4.x-Laravel-6.x\\public\\index.php(60): Illuminate\\Foundation\\Http\\Kernel->terminate(Object(Illuminate\\Http\\Request), Object(Illuminate\\Http\\Response))
#16 C:\\Users\\hb\\Desktop\\FullCalendar-4.x-Laravel-6.x\\server.php(21): require_once('C:\\\\Users\\\\hb\\\\Des...')
#17 {main}
"} 
[2020-12-04 09:09:56] local.ERROR: Command "cache:" is ambiguous.
Did you mean one of these?
    cache:clear  Flush the application cache
    cache:forget Remove an item from the cache
    cache:table  Create a migration for the cache database table {"exception":"[object] (Symfony\\Component\\Console\\Exception\\CommandNotFoundException(code: 0): Command \"cache:\" is ambiguous.
Did you mean one of these?
    cache:clear  Flush the application cache
    cache:forget Remove an item from the cache
    cache:table  Create a migration for the cache database table at C:\\Users\\hb\\Desktop\\FullCalendar-4.x-Laravel-6.x\\vendor\\symfony\\console\\Application.php:697)
[stacktrace]
#0 C:\\Users\\hb\\Desktop\\FullCalendar-4.x-Laravel-6.x\\vendor\\symfony\\console\\Application.php(237): Symfony\\Component\\Console\\Application->find('cache:')
#1 C:\\Users\\hb\\Desktop\\FullCalendar-4.x-Laravel-6.x\\vendor\\symfony\\console\\Application.php(149): Symfony\\Component\\Console\\Application->doRun(Object(Symfony\\Component\\Console\\Input\\ArgvInput), Object(Symfony\\Component\\Console\\Output\\ConsoleOutput))
#2 C:\\Users\\hb\\Desktop\\FullCalendar-4.x-Laravel-6.x\\vendor\\laravel\\framework\\src\\Illuminate\\Console\\Application.php(90): Symfony\\Component\\Console\\Application->run(Object(Symfony\\Component\\Console\\Input\\ArgvInput), Object(Symfony\\Component\\Console\\Output\\ConsoleOutput))
#3 C:\\Users\\hb\\Desktop\\FullCalendar-4.x-Laravel-6.x\\vendor\\laravel\\framework\\src\\Illuminate\\Foundation\\Console\\Kernel.php(131): Illuminate\\Console\\Application->run(Object(Symfony\\Component\\Console\\Input\\ArgvInput), Object(Symfony\\Component\\Console\\Output\\ConsoleOutput))
#4 C:\\Users\\hb\\Desktop\\FullCalendar-4.x-Laravel-6.x\\artisan(37): Illuminate\\Foundation\\Console\\Kernel->handle(Object(Symfony\\Component\\Console\\Input\\ArgvInput), Object(Symfony\\Component\\Console\\Output\\ConsoleOutput))
#5 {main}
"} 
[2020-12-04 09:10:15] local.ERROR: Command "cache:" is ambiguous.
Did you mean one of these?
    cache:clear  Flush the application cache
    cache:forget Remove an item from the cache
    cache:table  Create a migration for the cache database table {"exception":"[object] (Symfony\\Component\\Console\\Exception\\CommandNotFoundException(code: 0): Command \"cache:\" is ambiguous.
Did you mean one of these?
    cache:clear  Flush the application cache
    cache:forget Remove an item from the cache
    cache:table  Create a migration for the cache database table at C:\\Users\\hb\\Desktop\\FullCalendar-4.x-Laravel-6.x\\vendor\\symfony\\console\\Application.php:697)
[stacktrace]
#0 C:\\Users\\hb\\Desktop\\FullCalendar-4.x-Laravel-6.x\\vendor\\symfony\\console\\Application.php(237): Symfony\\Component\\Console\\Application->find('cache:')
#1 C:\\Users\\hb\\Desktop\\FullCalendar-4.x-Laravel-6.x\\vendor\\symfony\\console\\Application.php(149): Symfony\\Component\\Console\\Application->doRun(Object(Symfony\\Component\\Console\\Input\\ArgvInput), Object(Symfony\\Component\\Console\\Output\\ConsoleOutput))
#2 C:\\Users\\hb\\Desktop\\FullCalendar-4.x-Laravel-6.x\\vendor\\laravel\\framework\\src\\Illuminate\\Console\\Application.php(90): Symfony\\Component\\Console\\Application->run(Object(Symfony\\Component\\Console\\Input\\ArgvInput), Object(Symfony\\Component\\Console\\Output\\ConsoleOutput))
#3 C:\\Users\\hb\\Desktop\\FullCalendar-4.x-Laravel-6.x\\vendor\\laravel\\framework\\src\\Illuminate\\Foundation\\Console\\Kernel.php(131): Illuminate\\Console\\Application->run(Object(Symfony\\Component\\Console\\Input\\ArgvInput), Object(Symfony\\Component\\Console\\Output\\ConsoleOutput))
#4 C:\\Users\\hb\\Desktop\\FullCalendar-4.x-Laravel-6.x\\artisan(37): Illuminate\\Foundation\\Console\\Kernel->handle(Object(Symfony\\Component\\Console\\Input\\ArgvInput), Object(Symfony\\Component\\Console\\Output\\ConsoleOutput))
#5 {main}
"} 
[2020-12-04 09:10:49] local.ERROR: Unable to prepare route [api/user] for serialization. Uses Closure. {"exception":"[object] (LogicException(code: 0): Unable to prepare route [api/user] for serialization. Uses Closure. at C:\\Users\\hb\\Desktop\\FullCalendar-4.x-Laravel-6.x\\vendor\\laravel\\framework\\src\\Illuminate\\Routing\\Route.php:917)
[stacktrace]
#0 C:\\Users\\hb\\Desktop\\FullCalendar-4.x-Laravel-6.x\\vendor\\laravel\\framework\\src\\Illuminate\\Foundation\\Console\\RouteCacheCommand.php(62): Illuminate\\Routing\\Route->prepareForSerialization()
#1 [internal function]: Illuminate\\Foundation\\Console\\RouteCacheCommand->handle()
#2 C:\\Users\\hb\\Desktop\\FullCalendar-4.x-Laravel-6.x\\vendor\\laravel\\framework\\src\\Illuminate\\Container\\BoundMethod.php(32): call_user_func_array(Array, Array)
#3 C:\\Users\\hb\\Desktop\\FullCalendar-4.x-Laravel-6.x\\vendor\\laravel\\framework\\src\\Illuminate\\Support\\helpers.php(520): Illuminate\\Container\\BoundMethod::Illuminate\\Container\\{closure}()
#4 C:\\Users\\hb\\Desktop\\FullCalendar-4.x-Laravel-6.x\\vendor\\laravel\\framework\\src\\Illuminate\\Container\\BoundMethod.php(90): value(Object(Closure))
#5 C:\\Users\\hb\\Desktop\\FullCalendar-4.x-Laravel-6.x\\vendor\\laravel\\framework\\src\\Illuminate\\Container\\BoundMethod.php(34): Illuminate\\Container\\BoundMethod::callBoundMethod(Object(Illuminate\\Foundation\\Application), Array, Object(Closure))
#6 C:\\Users\\hb\\Desktop\\FullCalendar-4.x-Laravel-6.x\\vendor\\laravel\\framework\\src\\Illuminate\\Container\\Container.php(591): Illuminate\\Container\\BoundMethod::call(Object(Illuminate\\Foundation\\Application), Array, Array, NULL)
#7 C:\\Users\\hb\\Desktop\\FullCalendar-4.x-Laravel-6.x\\vendor\\laravel\\framework\\src\\Illuminate\\Console\\Command.php(202): Illuminate\\Container\\Container->call(Array)
#8 C:\\Users\\hb\\Desktop\\FullCalendar-4.x-Laravel-6.x\\vendor\\symfony\\console\\Command\\Command.php(255): Illuminate\\Console\\Command->execute(Object(Symfony\\Component\\Console\\Input\\ArgvInput), Object(Illuminate\\Console\\OutputStyle))
#9 C:\\Users\\hb\\Desktop\\FullCalendar-4.x-Laravel-6.x\\vendor\\laravel\\framework\\src\\Illuminate\\Console\\Command.php(189): Symfony\\Component\\Console\\Command\\Command->run(Object(Symfony\\Component\\Console\\Input\\ArgvInput), Object(Illuminate\\Console\\OutputStyle))
#10 C:\\Users\\hb\\Desktop\\FullCalendar-4.x-Laravel-6.x\\vendor\\symfony\\console\\Application.php(934): Illuminate\\Console\\Command->run(Object(Symfony\\Component\\Console\\Input\\ArgvInput), Object(Symfony\\Component\\Console\\Output\\ConsoleOutput))
#11 C:\\Users\\hb\\Desktop\\FullCalendar-4.x-Laravel-6.x\\vendor\\symfony\\console\\Application.php(273): Symfony\\Component\\Console\\Application->doRunCommand(Object(Illuminate\\Foundation\\Console\\RouteCacheCommand), Object(Symfony\\Component\\Console\\Input\\ArgvInput), Object(Symfony\\Component\\Console\\Output\\ConsoleOutput))
#12 C:\\Users\\hb\\Desktop\\FullCalendar-4.x-Laravel-6.x\\vendor\\symfony\\console\\Application.php(149): Symfony\\Component\\Console\\Application->doRun(Object(Symfony\\Component\\Console\\Input\\ArgvInput), Object(Symfony\\Component\\Console\\Output\\ConsoleOutput))
#13 C:\\Users\\hb\\Desktop\\FullCalendar-4.x-Laravel-6.x\\vendor\\laravel\\framework\\src\\Illuminate\\Console\\Application.php(90): Symfony\\Component\\Console\\Application->run(Object(Symfony\\Component\\Console\\Input\\ArgvInput), Object(Symfony\\Component\\Console\\Output\\ConsoleOutput))
#14 C:\\Users\\hb\\Desktop\\FullCalendar-4.x-Laravel-6.x\\vendor\\laravel\\framework\\src\\Illuminate\\Foundation\\Console\\Kernel.php(131): Illuminate\\Console\\Application->run(Object(Symfony\\Component\\Console\\Input\\ArgvInput), Object(Symfony\\Component\\Console\\Output\\ConsoleOutput))
#15 C:\\Users\\hb\\Desktop\\FullCalendar-4.x-Laravel-6.x\\artisan(37): Illuminate\\Foundation\\Console\\Kernel->handle(Object(Symfony\\Component\\Console\\Input\\ArgvInput), Object(Symfony\\Component\\Console\\Output\\ConsoleOutput))
#16 {main}
"} 
